<?xml version="1.0" encoding="UTF-8"?>
<coverage generated="1505054206442" clover="3.2.0">
  <project timestamp="1505054206442" name="All files">
    <metrics statements="478" coveredstatements="184" conditionals="212" coveredconditionals="63" methods="209" coveredmethods="77" elements="899" coveredelements="324" complexity="0" loc="478" ncloc="478" packages="20" files="42" classes="42">
      <package name="web-octopus">
        <metrics statements="10" coveredstatements="10" conditionals="0" coveredconditionals="0" methods="0" coveredmethods="0"/>
        <file name="constants.js" path="/Users/chchen/Octopus/web-octopus/constants.js">
          <metrics statements="10" coveredstatements="10" conditionals="0" coveredconditionals="0" methods="0" coveredmethods="0"/>
          <line num="3" count="3" type="stmt"/>
          <line num="5" count="3" type="stmt"/>
          <line num="6" count="3" type="stmt"/>
          <line num="7" count="3" type="stmt"/>
          <line num="9" count="3" type="stmt"/>
          <line num="11" count="3" type="stmt"/>
          <line num="13" count="3" type="stmt"/>
          <line num="15" count="3" type="stmt"/>
          <line num="17" count="3" type="stmt"/>
          <line num="19" count="3" type="stmt"/>
        </file>
      </package>
      <package name="web-octopus.actions">
        <metrics statements="13" coveredstatements="13" conditionals="0" coveredconditionals="0" methods="6" coveredmethods="6"/>
        <file name="actions.js" path="/Users/chchen/Octopus/web-octopus/actions/actions.js">
          <metrics statements="13" coveredstatements="13" conditionals="0" coveredconditionals="0" methods="6" coveredmethods="6"/>
          <line num="1" count="2" type="stmt"/>
          <line num="16" count="2" type="stmt"/>
          <line num="17" count="18" type="stmt"/>
          <line num="18" count="18" type="stmt"/>
          <line num="19" count="18" type="stmt"/>
          <line num="20" count="18" type="stmt"/>
          <line num="26" count="1" type="stmt"/>
          <line num="33" count="2" type="stmt"/>
          <line num="39" count="1" type="stmt"/>
          <line num="46" count="18" type="stmt"/>
          <line num="50" count="1" type="stmt"/>
          <line num="51" count="1" type="stmt"/>
          <line num="52" count="1" type="stmt"/>
        </file>
      </package>
      <package name="web-octopus.actions.todo">
        <metrics statements="25" coveredstatements="7" conditionals="0" coveredconditionals="0" methods="15" coveredmethods="0"/>
        <file name="todo-statistics.js" path="/Users/chchen/Octopus/web-octopus/actions/todo/todo-statistics.js">
          <metrics statements="25" coveredstatements="7" conditionals="0" coveredconditionals="0" methods="15" coveredmethods="0"/>
          <line num="8" count="1" type="stmt"/>
          <line num="9" count="1" type="stmt"/>
          <line num="12" count="0" type="stmt"/>
          <line num="19" count="0" type="stmt"/>
          <line num="24" count="1" type="stmt"/>
          <line num="25" count="1" type="stmt"/>
          <line num="26" count="1" type="stmt"/>
          <line num="29" count="0" type="stmt"/>
          <line num="35" count="0" type="stmt"/>
          <line num="42" count="0" type="stmt"/>
          <line num="50" count="0" type="stmt"/>
          <line num="51" count="0" type="stmt"/>
          <line num="52" count="0" type="stmt"/>
          <line num="53" count="0" type="stmt"/>
          <line num="55" count="0" type="stmt"/>
          <line num="56" count="0" type="stmt"/>
          <line num="62" count="1" type="stmt"/>
          <line num="63" count="1" type="stmt"/>
          <line num="66" count="0" type="stmt"/>
          <line num="73" count="0" type="stmt"/>
          <line num="81" count="0" type="stmt"/>
          <line num="82" count="0" type="stmt"/>
          <line num="83" count="0" type="stmt"/>
          <line num="85" count="0" type="stmt"/>
          <line num="86" count="0" type="stmt"/>
        </file>
      </package>
      <package name="web-octopus.components.DatePicker">
        <metrics statements="102" coveredstatements="23" conditionals="66" coveredconditionals="11" methods="45" coveredmethods="5"/>
        <file name="Calendar.js" path="/Users/chchen/Octopus/web-octopus/components/DatePicker/Calendar.js">
          <metrics statements="8" coveredstatements="0" conditionals="0" coveredconditionals="0" methods="9" coveredmethods="0"/>
          <line num="15" count="0" type="stmt"/>
          <line num="16" count="0" type="stmt"/>
          <line num="20" count="0" type="stmt"/>
          <line num="24" count="0" type="stmt"/>
          <line num="28" count="0" type="stmt"/>
          <line num="42" count="0" type="stmt"/>
          <line num="48" count="0" type="stmt"/>
          <line num="59" count="0" type="stmt"/>
        </file>
        <file name="DatePicker.js" path="/Users/chchen/Octopus/web-octopus/components/DatePicker/DatePicker.js">
          <metrics statements="36" coveredstatements="19" conditionals="30" coveredconditionals="11" methods="14" coveredmethods="5"/>
          <line num="11" count="3" type="stmt"/>
          <line num="12" count="3" type="stmt"/>
          <line num="13" count="3" type="stmt"/>
          <line num="14" count="3" type="stmt"/>
          <line num="15" count="3" type="stmt"/>
          <line num="16" count="3" type="stmt"/>
          <line num="17" count="3" type="stmt"/>
          <line num="18" count="3" type="stmt"/>
          <line num="19" count="3" type="stmt"/>
          <line num="23" count="3" type="stmt"/>
          <line num="27" count="3" type="cond" truecount="1" falsecount="1"/>
          <line num="29" count="3" type="stmt"/>
          <line num="34" count="3" type="cond" truecount="1" falsecount="1"/>
          <line num="42" count="3" type="cond" truecount="1" falsecount="1"/>
          <line num="43" count="0" type="stmt"/>
          <line num="48" count="0" type="stmt"/>
          <line num="52" count="0" type="stmt"/>
          <line num="56" count="0" type="stmt"/>
          <line num="57" count="0" type="stmt"/>
          <line num="58" count="0" type="cond" truecount="0" falsecount="2"/>
          <line num="59" count="0" type="cond" truecount="0" falsecount="2"/>
          <line num="63" count="0" type="stmt"/>
          <line num="67" count="0" type="cond" truecount="0" falsecount="2"/>
          <line num="73" count="0" type="cond" truecount="0" falsecount="2"/>
          <line num="79" count="0" type="stmt"/>
          <line num="83" count="0" type="stmt"/>
          <line num="87" count="0" type="stmt"/>
          <line num="88" count="0" type="stmt"/>
          <line num="99" count="0" type="cond" truecount="0" falsecount="2"/>
          <line num="100" count="0" type="stmt"/>
          <line num="104" count="6" type="stmt"/>
          <line num="105" count="6" type="cond" truecount="1" falsecount="1"/>
          <line num="106" count="0" type="stmt"/>
          <line num="108" count="6" type="stmt"/>
          <line num="112" count="6" type="cond" truecount="1" falsecount="1"/>
          <line num="115" count="6" type="stmt"/>
        </file>
        <file name="Day.js" path="/Users/chchen/Octopus/web-octopus/components/DatePicker/Day.js">
          <metrics statements="16" coveredstatements="0" conditionals="8" coveredconditionals="0" methods="5" coveredmethods="0"/>
          <line num="6" count="0" type="stmt"/>
          <line num="12" count="0" type="stmt"/>
          <line num="13" count="0" type="stmt"/>
          <line num="17" count="0" type="stmt"/>
          <line num="18" count="0" type="stmt"/>
          <line num="19" count="0" type="cond" truecount="0" falsecount="2"/>
          <line num="20" count="0" type="stmt"/>
          <line num="22" count="0" type="cond" truecount="0" falsecount="2"/>
          <line num="23" count="0" type="stmt"/>
          <line num="25" count="0" type="cond" truecount="0" falsecount="2"/>
          <line num="26" count="0" type="stmt"/>
          <line num="28" count="0" type="cond" truecount="0" falsecount="2"/>
          <line num="29" count="0" type="stmt"/>
          <line num="31" count="0" type="stmt"/>
          <line num="35" count="0" type="stmt"/>
          <line num="36" count="0" type="stmt"/>
        </file>
        <file name="Month.js" path="/Users/chchen/Octopus/web-octopus/components/DatePicker/Month.js">
          <metrics statements="32" coveredstatements="0" conditionals="28" coveredconditionals="0" methods="9" coveredmethods="0"/>
          <line num="8" count="0" type="stmt"/>
          <line num="18" count="0" type="cond" truecount="0" falsecount="1"/>
          <line num="19" count="0" type="stmt"/>
          <line num="22" count="0" type="stmt"/>
          <line num="31" count="0" type="stmt"/>
          <line num="32" count="0" type="stmt"/>
          <line num="33" count="0" type="stmt"/>
          <line num="34" count="0" type="stmt"/>
          <line num="35" count="0" type="stmt"/>
          <line num="37" count="0" type="stmt"/>
          <line num="38" count="0" type="stmt"/>
          <line num="39" count="0" type="stmt"/>
          <line num="40" count="0" type="stmt"/>
          <line num="42" count="0" type="stmt"/>
          <line num="43" count="0" type="stmt"/>
          <line num="44" count="0" type="stmt"/>
          <line num="45" count="0" type="stmt"/>
          <line num="46" count="0" type="stmt"/>
          <line num="47" count="0" type="cond" truecount="0" falsecount="2"/>
          <line num="48" count="0" type="stmt"/>
          <line num="49" count="0" type="stmt"/>
          <line num="60" count="0" type="cond" truecount="0" falsecount="2"/>
          <line num="61" count="0" type="stmt"/>
          <line num="62" count="0" type="stmt"/>
          <line num="74" count="0" type="stmt"/>
          <line num="75" count="0" type="stmt"/>
          <line num="87" count="0" type="stmt"/>
          <line num="89" count="0" type="stmt"/>
          <line num="90" count="0" type="cond" truecount="0" falsecount="2"/>
          <line num="91" count="0" type="stmt"/>
          <line num="94" count="0" type="stmt"/>
          <line num="98" count="0" type="stmt"/>
        </file>
        <file name="Week.js" path="/Users/chchen/Octopus/web-octopus/components/DatePicker/Week.js">
          <metrics statements="4" coveredstatements="0" conditionals="0" coveredconditionals="0" methods="6" coveredmethods="0"/>
          <line num="6" count="0" type="stmt"/>
          <line num="14" count="0" type="stmt"/>
          <line num="15" count="0" type="stmt"/>
          <line num="19" count="0" type="stmt"/>
        </file>
        <file name="constant.js" path="/Users/chchen/Octopus/web-octopus/components/DatePicker/constant.js">
          <metrics statements="4" coveredstatements="4" conditionals="0" coveredconditionals="0" methods="0" coveredmethods="0"/>
          <line num="1" count="3" type="stmt"/>
          <line num="4" count="3" type="stmt"/>
          <line num="6" count="3" type="stmt"/>
          <line num="9" count="3" type="stmt"/>
        </file>
        <file name="util.js" path="/Users/chchen/Octopus/web-octopus/components/DatePicker/util.js">
          <metrics statements="2" coveredstatements="0" conditionals="0" coveredconditionals="0" methods="2" coveredmethods="0"/>
          <line num="2" count="0" type="stmt"/>
          <line num="6" count="0" type="stmt"/>
        </file>
      </package>
      <package name="web-octopus.components.commons">
        <metrics statements="6" coveredstatements="4" conditionals="2" coveredconditionals="1" methods="4" coveredmethods="3"/>
        <file name="Logo.js" path="/Users/chchen/Octopus/web-octopus/components/commons/Logo.js">
          <metrics statements="1" coveredstatements="1" conditionals="0" coveredconditionals="0" methods="1" coveredmethods="1"/>
          <line num="7" count="3" type="stmt"/>
        </file>
        <file name="LogoBan.js" path="/Users/chchen/Octopus/web-octopus/components/commons/LogoBan.js">
          <metrics statements="2" coveredstatements="1" conditionals="0" coveredconditionals="0" methods="2" coveredmethods="1"/>
          <line num="10" count="0" type="stmt"/>
          <line num="14" count="3" type="stmt"/>
        </file>
        <file name="TextLogo.js" path="/Users/chchen/Octopus/web-octopus/components/commons/TextLogo.js">
          <metrics statements="3" coveredstatements="2" conditionals="2" coveredconditionals="1" methods="1" coveredmethods="1"/>
          <line num="5" count="3" type="cond" truecount="1" falsecount="1"/>
          <line num="6" count="3" type="stmt"/>
          <line num="9" count="0" type="stmt"/>
        </file>
      </package>
      <package name="web-octopus.components.utils">
        <metrics statements="10" coveredstatements="6" conditionals="2" coveredconditionals="0" methods="6" coveredmethods="4"/>
        <file name="ClickOutSide.js" path="/Users/chchen/Octopus/web-octopus/components/utils/ClickOutSide.js">
          <metrics statements="10" coveredstatements="6" conditionals="2" coveredconditionals="0" methods="6" coveredmethods="4"/>
          <line num="10" count="4" type="stmt"/>
          <line num="11" count="4" type="stmt"/>
          <line num="15" count="4" type="stmt"/>
          <line num="19" count="5" type="stmt"/>
          <line num="20" count="5" type="stmt"/>
          <line num="28" count="4" type="stmt"/>
          <line num="32" count="0" type="stmt"/>
          <line num="36" count="0" type="stmt"/>
          <line num="37" count="0" type="stmt"/>
          <line num="38" count="0" type="cond" truecount="0" falsecount="2"/>
        </file>
      </package>
      <package name="web-octopus.components.widget">
        <metrics statements="11" coveredstatements="7" conditionals="10" coveredconditionals="4" methods="11" coveredmethods="7"/>
        <file name="Select.js" path="/Users/chchen/Octopus/web-octopus/components/widget/Select.js">
          <metrics statements="11" coveredstatements="7" conditionals="10" coveredconditionals="4" methods="11" coveredmethods="7"/>
          <line num="13" count="2" type="stmt"/>
          <line num="14" count="2" type="stmt"/>
          <line num="22" count="2" type="cond" truecount="2" falsecount="0"/>
          <line num="28" count="0" type="cond" truecount="0" falsecount="2"/>
          <line num="32" count="0" type="stmt"/>
          <line num="36" count="3" type="cond" truecount="1" falsecount="1"/>
          <line num="40" count="3" type="stmt"/>
          <line num="41" count="12" type="stmt"/>
          <line num="48" count="0" type="stmt"/>
          <line num="49" count="0" type="cond" truecount="0" falsecount="2"/>
          <line num="53" count="3" type="stmt"/>
        </file>
      </package>
      <package name="web-octopus.components.widget.Button">
        <metrics statements="4" coveredstatements="3" conditionals="5" coveredconditionals="4" methods="3" coveredmethods="2"/>
        <file name="Button.js" path="/Users/chchen/Octopus/web-octopus/components/widget/Button/Button.js">
          <metrics statements="4" coveredstatements="3" conditionals="5" coveredconditionals="4" methods="3" coveredmethods="2"/>
          <line num="12" count="3" type="cond" truecount="2" falsecount="1"/>
          <line num="13" count="3" type="cond" truecount="2" falsecount="0"/>
          <line num="19" count="0" type="stmt"/>
          <line num="23" count="3" type="stmt"/>
        </file>
      </package>
      <package name="web-octopus.components.widget.CheckBox">
        <metrics statements="9" coveredstatements="5" conditionals="4" coveredconditionals="1" methods="4" coveredmethods="3"/>
        <file name="CheckBox.js" path="/Users/chchen/Octopus/web-octopus/components/widget/CheckBox/CheckBox.js">
          <metrics statements="9" coveredstatements="5" conditionals="4" coveredconditionals="1" methods="4" coveredmethods="3"/>
          <line num="6" count="1" type="stmt"/>
          <line num="7" count="1" type="stmt"/>
          <line num="8" count="1" type="stmt"/>
          <line num="9" count="1" type="stmt"/>
          <line num="19" count="0" type="stmt"/>
          <line num="20" count="0" type="stmt"/>
          <line num="21" count="0" type="stmt"/>
          <line num="22" count="0" type="cond" truecount="0" falsecount="2"/>
          <line num="26" count="1" type="stmt"/>
        </file>
      </package>
      <package name="web-octopus.components.widget.DropList">
        <metrics statements="7" coveredstatements="6" conditionals="4" coveredconditionals="3" methods="5" coveredmethods="4"/>
        <file name="DropList.js" path="/Users/chchen/Octopus/web-octopus/components/widget/DropList/DropList.js">
          <metrics statements="7" coveredstatements="6" conditionals="4" coveredconditionals="3" methods="5" coveredmethods="4"/>
          <line num="15" count="1" type="stmt"/>
          <line num="16" count="1" type="cond" truecount="1" falsecount="1"/>
          <line num="17" count="0" type="stmt"/>
          <line num="19" count="1" type="stmt"/>
          <line num="23" count="4" type="cond" truecount="2" falsecount="0"/>
          <line num="24" count="1" type="stmt"/>
          <line num="30" count="3" type="stmt"/>
        </file>
      </package>
      <package name="web-octopus.components.widget.Modal">
        <metrics statements="51" coveredstatements="19" conditionals="26" coveredconditionals="7" methods="15" coveredmethods="8"/>
        <file name="Modal.js" path="/Users/chchen/Octopus/web-octopus/components/widget/Modal/Modal.js">
          <metrics statements="19" coveredstatements="10" conditionals="6" coveredconditionals="1" methods="6" coveredmethods="5"/>
          <line num="24" count="3" type="stmt"/>
          <line num="25" count="3" type="stmt"/>
          <line num="29" count="3" type="stmt"/>
          <line num="30" count="3" type="stmt"/>
          <line num="31" count="3" type="stmt"/>
          <line num="35" count="0" type="stmt"/>
          <line num="36" count="0" type="stmt"/>
          <line num="37" count="0" type="cond" truecount="0" falsecount="2"/>
          <line num="38" count="0" type="stmt"/>
          <line num="40" count="0" type="stmt"/>
          <line num="44" count="6" type="cond" truecount="1" falsecount="1"/>
          <line num="45" count="0" type="cond" truecount="0" falsecount="2"/>
          <line num="46" count="0" type="stmt"/>
          <line num="47" count="0" type="stmt"/>
          <line num="49" count="0" type="stmt"/>
          <line num="51" count="6" type="stmt"/>
          <line num="53" count="6" type="stmt"/>
          <line num="57" count="3" type="stmt"/>
          <line num="61" count="6" type="stmt"/>
        </file>
        <file name="ModalPortal.js" path="/Users/chchen/Octopus/web-octopus/components/widget/Modal/ModalPortal.js">
          <metrics statements="32" coveredstatements="9" conditionals="20" coveredconditionals="6" methods="9" coveredmethods="3"/>
          <line num="5" count="3" type="stmt"/>
          <line num="7" count="3" type="stmt"/>
          <line num="27" count="3" type="stmt"/>
          <line num="28" count="3" type="stmt"/>
          <line num="29" count="3" type="stmt"/>
          <line num="33" count="3" type="cond" truecount="2" falsecount="2"/>
          <line num="34" count="0" type="stmt"/>
          <line num="35" count="0" type="stmt"/>
          <line num="36" count="0" type="stmt"/>
          <line num="38" count="3" type="cond" truecount="3" falsecount="1"/>
          <line num="39" count="0" type="stmt"/>
          <line num="44" count="0" type="stmt"/>
          <line num="48" count="0" type="cond" truecount="0" falsecount="2"/>
          <line num="49" count="0" type="stmt"/>
          <line num="50" count="0" type="stmt"/>
          <line num="55" count="0" type="stmt"/>
          <line num="56" count="0" type="stmt"/>
          <line num="60" count="0" type="stmt"/>
          <line num="61" count="0" type="stmt"/>
          <line num="65" count="0" type="stmt"/>
          <line num="66" count="0" type="stmt"/>
          <line num="67" count="0" type="cond" truecount="0" falsecount="2"/>
          <line num="68" count="0" type="stmt"/>
          <line num="72" count="0" type="stmt"/>
          <line num="73" count="0" type="cond" truecount="0" falsecount="2"/>
          <line num="74" count="0" type="stmt"/>
          <line num="76" count="0" type="cond" truecount="0" falsecount="2"/>
          <line num="77" count="0" type="stmt"/>
          <line num="79" count="0" type="cond" truecount="0" falsecount="2"/>
          <line num="83" count="6" type="cond" truecount="1" falsecount="1"/>
          <line num="84" count="0" type="stmt"/>
          <line num="102" count="6" type="stmt"/>
        </file>
      </package>
      <package name="web-octopus.components.widget.StarCheckBox">
        <metrics statements="9" coveredstatements="5" conditionals="4" coveredconditionals="1" methods="4" coveredmethods="3"/>
        <file name="StarCheckBox.js" path="/Users/chchen/Octopus/web-octopus/components/widget/StarCheckBox/StarCheckBox.js">
          <metrics statements="9" coveredstatements="5" conditionals="4" coveredconditionals="1" methods="4" coveredmethods="3"/>
          <line num="7" count="1" type="stmt"/>
          <line num="8" count="1" type="stmt"/>
          <line num="9" count="1" type="stmt"/>
          <line num="10" count="1" type="stmt"/>
          <line num="20" count="0" type="stmt"/>
          <line num="21" count="0" type="stmt"/>
          <line num="22" count="0" type="stmt"/>
          <line num="23" count="0" type="cond" truecount="0" falsecount="2"/>
          <line num="27" count="1" type="stmt"/>
        </file>
      </package>
      <package name="web-octopus.epic">
        <metrics statements="18" coveredstatements="7" conditionals="4" coveredconditionals="1" methods="9" coveredmethods="3"/>
        <file name="auth.epic.js" path="/Users/chchen/Octopus/web-octopus/epic/auth.epic.js">
          <metrics statements="18" coveredstatements="7" conditionals="4" coveredconditionals="1" methods="9" coveredmethods="3"/>
          <line num="14" count="1" type="stmt"/>
          <line num="15" count="2" type="stmt"/>
          <line num="16" count="1" type="cond" truecount="1" falsecount="1"/>
          <line num="17" count="0" type="stmt"/>
          <line num="19" count="1" type="stmt"/>
          <line num="25" count="1" type="stmt"/>
          <line num="26" count="2" type="stmt"/>
          <line num="27" count="0" type="stmt"/>
          <line num="30" count="0" type="stmt"/>
          <line num="31" count="0" type="stmt"/>
          <line num="34" count="0" type="cond" truecount="0" falsecount="2"/>
          <line num="35" count="0" type="stmt"/>
          <line num="37" count="0" type="stmt"/>
          <line num="41" count="1" type="stmt"/>
          <line num="42" count="0" type="stmt"/>
          <line num="43" count="0" type="stmt"/>
          <line num="46" count="0" type="stmt"/>
          <line num="47" count="0" type="stmt"/>
        </file>
      </package>
      <package name="web-octopus.page.Nav">
        <metrics statements="17" coveredstatements="13" conditionals="10" coveredconditionals="5" methods="9" coveredmethods="6"/>
        <file name="Nav.js" path="/Users/chchen/Octopus/web-octopus/page/Nav/Nav.js">
          <metrics statements="17" coveredstatements="13" conditionals="10" coveredconditionals="5" methods="9" coveredmethods="6"/>
          <line num="10" count="1" type="stmt"/>
          <line num="16" count="2" type="stmt"/>
          <line num="17" count="2" type="stmt"/>
          <line num="21" count="1" type="cond" truecount="3" falsecount="1"/>
          <line num="22" count="1" type="stmt"/>
          <line num="23" count="0" type="stmt"/>
          <line num="29" count="3" type="stmt"/>
          <line num="54" count="3" type="cond" truecount="1" falsecount="1"/>
          <line num="55" count="0" type="stmt"/>
          <line num="57" count="3" type="stmt"/>
          <line num="58" count="3" type="stmt"/>
          <line num="62" count="0" type="cond" truecount="0" falsecount="2"/>
          <line num="90" count="3" type="stmt"/>
          <line num="91" count="3" type="stmt"/>
          <line num="92" count="3" type="cond" truecount="1" falsecount="1"/>
          <line num="97" count="0" type="stmt"/>
          <line num="104" count="1" type="stmt"/>
        </file>
      </package>
      <package name="web-octopus.page.Todo">
        <metrics statements="1" coveredstatements="1" conditionals="0" coveredconditionals="0" methods="0" coveredmethods="0"/>
        <file name="constants.js" path="/Users/chchen/Octopus/web-octopus/page/Todo/constants.js">
          <metrics statements="1" coveredstatements="1" conditionals="0" coveredconditionals="0" methods="0" coveredmethods="0"/>
          <line num="1" count="2" type="stmt"/>
        </file>
      </package>
      <package name="web-octopus.page.Todo.Todo">
        <metrics statements="49" coveredstatements="12" conditionals="25" coveredconditionals="10" methods="16" coveredmethods="3"/>
        <file name="Todo.js" path="/Users/chchen/Octopus/web-octopus/page/Todo/Todo/Todo.js">
          <metrics statements="49" coveredstatements="12" conditionals="25" coveredconditionals="10" methods="16" coveredmethods="3"/>
          <line num="16" count="1" type="stmt"/>
          <line num="22" count="1" type="stmt"/>
          <line num="23" count="1" type="stmt"/>
          <line num="24" count="1" type="stmt"/>
          <line num="25" count="1" type="stmt"/>
          <line num="26" count="1" type="stmt"/>
          <line num="27" count="1" type="stmt"/>
          <line num="28" count="1" type="stmt"/>
          <line num="32" count="1" type="stmt"/>
          <line num="38" count="0" type="stmt"/>
          <line num="39" count="0" type="stmt"/>
          <line num="40" count="0" type="stmt"/>
          <line num="41" count="0" type="stmt"/>
          <line num="42" count="0" type="stmt"/>
          <line num="43" count="0" type="stmt"/>
          <line num="44" count="0" type="stmt"/>
          <line num="48" count="0" type="stmt"/>
          <line num="49" count="0" type="stmt"/>
          <line num="50" count="0" type="stmt"/>
          <line num="51" count="0" type="stmt"/>
          <line num="52" count="0" type="stmt"/>
          <line num="53" count="0" type="stmt"/>
          <line num="54" count="0" type="stmt"/>
          <line num="58" count="0" type="stmt"/>
          <line num="59" count="0" type="stmt"/>
          <line num="60" count="0" type="stmt"/>
          <line num="64" count="0" type="stmt"/>
          <line num="65" count="0" type="stmt"/>
          <line num="69" count="0" type="stmt"/>
          <line num="73" count="0" type="stmt"/>
          <line num="74" count="0" type="stmt"/>
          <line num="78" count="0" type="stmt"/>
          <line num="79" count="0" type="stmt"/>
          <line num="85" count="0" type="stmt"/>
          <line num="89" count="0" type="cond" truecount="0" falsecount="2"/>
          <line num="90" count="0" type="stmt"/>
          <line num="95" count="0" type="stmt"/>
          <line num="96" count="0" type="stmt"/>
          <line num="100" count="0" type="cond" truecount="0" falsecount="2"/>
          <line num="101" count="0" type="stmt"/>
          <line num="103" count="0" type="cond" truecount="0" falsecount="2"/>
          <line num="104" count="0" type="stmt"/>
          <line num="106" count="0" type="stmt"/>
          <line num="110" count="1" type="stmt"/>
          <line num="111" count="1" type="stmt"/>
          <line num="113" count="1" type="stmt"/>
          <line num="158" count="0" type="stmt"/>
          <line num="177" count="0" type="cond" truecount="0" falsecount="2"/>
          <line num="187" count="0" type="stmt"/>
        </file>
      </package>
      <package name="web-octopus.page.Todo.TodoCreater">
        <metrics statements="22" coveredstatements="7" conditionals="10" coveredconditionals="1" methods="8" coveredmethods="2"/>
        <file name="TodoCreater.js" path="/Users/chchen/Octopus/web-octopus/page/Todo/TodoCreater/TodoCreater.js">
          <metrics statements="22" coveredstatements="7" conditionals="10" coveredconditionals="1" methods="8" coveredmethods="2"/>
          <line num="19" count="1" type="stmt"/>
          <line num="20" count="1" type="stmt"/>
          <line num="21" count="1" type="stmt"/>
          <line num="22" count="1" type="stmt"/>
          <line num="23" count="1" type="stmt"/>
          <line num="27" count="0" type="cond" truecount="0" falsecount="2"/>
          <line num="29" count="0" type="stmt"/>
          <line num="31" count="0" type="stmt"/>
          <line num="35" count="0" type="stmt"/>
          <line num="36" count="0" type="stmt"/>
          <line num="40" count="0" type="stmt"/>
          <line num="44" count="0" type="cond" truecount="0" falsecount="2"/>
          <line num="45" count="0" type="stmt"/>
          <line num="47" count="0" type="stmt"/>
          <line num="51" count="0" type="cond" truecount="0" falsecount="2"/>
          <line num="52" count="0" type="stmt"/>
          <line num="53" count="0" type="stmt"/>
          <line num="58" count="1" type="cond" truecount="1" falsecount="1"/>
          <line num="59" count="0" type="stmt"/>
          <line num="66" count="1" type="stmt"/>
          <line num="76" count="0" type="stmt"/>
          <line num="82" count="0" type="stmt"/>
        </file>
      </package>
      <package name="web-octopus.services">
        <metrics statements="34" coveredstatements="12" conditionals="11" coveredconditionals="4" methods="18" coveredmethods="6"/>
        <file name="gravatar.js" path="/Users/chchen/Octopus/web-octopus/services/gravatar.js">
          <metrics statements="6" coveredstatements="4" conditionals="4" coveredconditionals="1" methods="4" coveredmethods="2"/>
          <line num="4" count="1" type="stmt"/>
          <line num="7" count="3" type="stmt"/>
          <line num="11" count="3" type="cond" truecount="1" falsecount="1"/>
          <line num="12" count="3" type="stmt"/>
          <line num="16" count="0" type="stmt"/>
          <line num="20" count="0" type="stmt"/>
        </file>
        <file name="history.js" path="/Users/chchen/Octopus/web-octopus/services/history.js">
          <metrics statements="1" coveredstatements="1" conditionals="0" coveredconditionals="0" methods="0" coveredmethods="0"/>
          <line num="2" count="2" type="stmt"/>
        </file>
        <file name="http.js" path="/Users/chchen/Octopus/web-octopus/services/http.js">
          <metrics statements="5" coveredstatements="5" conditionals="3" coveredconditionals="3" methods="4" coveredmethods="4"/>
          <line num="7" count="7" type="cond" truecount="2" falsecount="0"/>
          <line num="9" count="2" type="stmt"/>
          <line num="13" count="8" type="cond" truecount="1" falsecount="0"/>
          <line num="14" count="7" type="stmt"/>
          <line num="18" count="2" type="stmt"/>
        </file>
        <file name="image-icon.js" path="/Users/chchen/Octopus/web-octopus/services/image-icon.js">
          <metrics statements="8" coveredstatements="0" conditionals="4" coveredconditionals="0" methods="8" coveredmethods="0"/>
          <line num="6" count="0" type="cond" truecount="0" falsecount="4"/>
          <line num="14" count="0" type="stmt"/>
          <line num="20" count="0" type="stmt"/>
          <line num="26" count="0" type="stmt"/>
          <line num="38" count="0" type="stmt"/>
          <line num="44" count="0" type="stmt"/>
          <line num="56" count="0" type="stmt"/>
          <line num="68" count="0" type="stmt"/>
        </file>
        <file name="image.js" path="/Users/chchen/Octopus/web-octopus/services/image.js">
          <metrics statements="7" coveredstatements="0" conditionals="0" coveredconditionals="0" methods="1" coveredmethods="0"/>
          <line num="3" count="0" type="stmt"/>
          <line num="4" count="0" type="stmt"/>
          <line num="5" count="0" type="stmt"/>
          <line num="7" count="0" type="stmt"/>
          <line num="8" count="0" type="stmt"/>
          <line num="9" count="0" type="stmt"/>
          <line num="10" count="0" type="stmt"/>
        </file>
        <file name="storage.js" path="/Users/chchen/Octopus/web-octopus/services/storage.js">
          <metrics statements="7" coveredstatements="2" conditionals="0" coveredconditionals="0" methods="1" coveredmethods="0"/>
          <line num="3" count="4" type="stmt"/>
          <line num="5" count="13" type="stmt"/>
          <line num="8" count="0" type="stmt"/>
          <line num="11" count="0" type="stmt"/>
          <line num="14" count="0" type="stmt"/>
          <line num="19" count="0" type="stmt"/>
          <line num="20" count="0" type="stmt"/>
        </file>
        <file name="svg-icons.js" path="/Users/chchen/Octopus/web-octopus/services/svg-icons.js">
          <metrics statements="0" coveredstatements="0" conditionals="0" coveredconditionals="0" methods="0" coveredmethods="0"/>
        </file>
      </package>
      <package name="web-octopus.test.setup">
        <metrics statements="8" coveredstatements="5" conditionals="0" coveredconditionals="0" methods="5" coveredmethods="2"/>
        <file name="localStorage.js" path="/Users/chchen/Octopus/web-octopus/test/setup/localStorage.js">
          <metrics statements="8" coveredstatements="5" conditionals="0" coveredconditionals="0" methods="5" coveredmethods="2"/>
          <line num="1" count="10" type="stmt"/>
          <line num="2" count="10" type="stmt"/>
          <line num="6" count="10" type="stmt"/>
          <line num="8" count="13" type="stmt"/>
          <line num="11" count="0" type="stmt"/>
          <line num="14" count="0" type="stmt"/>
          <line num="17" count="0" type="stmt"/>
          <line num="21" count="10" type="stmt"/>
        </file>
      </package>
      <package name="web-octopus.utils">
        <metrics statements="72" coveredstatements="19" conditionals="29" coveredconditionals="10" methods="26" coveredmethods="10"/>
        <file name="api.js" path="/Users/chchen/Octopus/web-octopus/utils/api.js">
          <metrics statements="3" coveredstatements="2" conditionals="2" coveredconditionals="1" methods="1" coveredmethods="1"/>
          <line num="5" count="1" type="cond" truecount="1" falsecount="1"/>
          <line num="6" count="0" type="stmt"/>
          <line num="8" count="1" type="stmt"/>
        </file>
        <file name="auth.js" path="/Users/chchen/Octopus/web-octopus/utils/auth.js">
          <metrics statements="19" coveredstatements="5" conditionals="6" coveredconditionals="2" methods="7" coveredmethods="2"/>
          <line num="5" count="0" type="cond" truecount="0" falsecount="2"/>
          <line num="6" count="0" type="stmt"/>
          <line num="11" count="8" type="stmt"/>
          <line num="12" count="8" type="stmt"/>
          <line num="16" count="0" type="stmt"/>
          <line num="17" count="0" type="stmt"/>
          <line num="18" count="0" type="stmt"/>
          <line num="22" count="0" type="stmt"/>
          <line num="26" count="0" type="stmt"/>
          <line num="27" count="0" type="stmt"/>
          <line num="31" count="0" type="stmt"/>
          <line num="32" count="0" type="stmt"/>
          <line num="33" count="0" type="stmt"/>
          <line num="34" count="0" type="stmt"/>
          <line num="36" count="0" type="stmt"/>
          <line num="37" count="0" type="stmt"/>
          <line num="41" count="8" type="cond" truecount="1" falsecount="1"/>
          <line num="42" count="8" type="cond" truecount="1" falsecount="1"/>
          <line num="43" count="8" type="stmt"/>
        </file>
        <file name="header.js" path="/Users/chchen/Octopus/web-octopus/utils/header.js">
          <metrics statements="8" coveredstatements="5" conditionals="6" coveredconditionals="4" methods="4" coveredmethods="2"/>
          <line num="5" count="7" type="stmt"/>
          <line num="16" count="0" type="stmt"/>
          <line num="26" count="7" type="stmt"/>
          <line num="27" count="7" type="cond" truecount="1" falsecount="1"/>
          <line num="28" count="7" type="stmt"/>
          <line num="30" count="7" type="stmt"/>
          <line num="34" count="0" type="stmt"/>
          <line num="35" count="0" type="stmt"/>
        </file>
        <file name="http-error.js" path="/Users/chchen/Octopus/web-octopus/utils/http-error.js">
          <metrics statements="21" coveredstatements="0" conditionals="6" coveredconditionals="0" methods="7" coveredmethods="0"/>
          <line num="3" count="0" type="stmt"/>
          <line num="4" count="0" type="stmt"/>
          <line num="5" count="0" type="stmt"/>
          <line num="11" count="0" type="stmt"/>
          <line num="12" count="0" type="stmt"/>
          <line num="13" count="0" type="stmt"/>
          <line num="19" count="0" type="stmt"/>
          <line num="20" count="0" type="stmt"/>
          <line num="21" count="0" type="stmt"/>
          <line num="27" count="0" type="stmt"/>
          <line num="28" count="0" type="stmt"/>
          <line num="29" count="0" type="stmt"/>
          <line num="35" count="0" type="stmt"/>
          <line num="36" count="0" type="stmt"/>
          <line num="37" count="0" type="stmt"/>
          <line num="43" count="0" type="stmt"/>
          <line num="44" count="0" type="stmt"/>
          <line num="45" count="0" type="stmt"/>
          <line num="51" count="0" type="stmt"/>
          <line num="52" count="0" type="stmt"/>
          <line num="53" count="0" type="stmt"/>
        </file>
        <file name="http-handle.js" path="/Users/chchen/Octopus/web-octopus/utils/http-handle.js">
          <metrics statements="17" coveredstatements="4" conditionals="7" coveredconditionals="1" methods="3" coveredmethods="2"/>
          <line num="5" count="7" type="cond" truecount="1" falsecount="6"/>
          <line num="7" count="0" type="stmt"/>
          <line num="8" count="0" type="stmt"/>
          <line num="10" count="0" type="stmt"/>
          <line num="11" count="0" type="stmt"/>
          <line num="13" count="0" type="stmt"/>
          <line num="14" count="0" type="stmt"/>
          <line num="16" count="0" type="stmt"/>
          <line num="17" count="0" type="stmt"/>
          <line num="19" count="0" type="stmt"/>
          <line num="20" count="0" type="stmt"/>
          <line num="22" count="0" type="stmt"/>
          <line num="24" count="7" type="stmt"/>
          <line num="29" count="7" type="stmt"/>
          <line num="30" count="7" type="stmt"/>
          <line num="34" count="0" type="stmt"/>
          <line num="35" count="0" type="stmt"/>
        </file>
        <file name="keyboard.js" path="/Users/chchen/Octopus/web-octopus/utils/keyboard.js">
          <metrics statements="2" coveredstatements="1" conditionals="0" coveredconditionals="0" methods="1" coveredmethods="0"/>
          <line num="2" count="1" type="stmt"/>
          <line num="5" count="0" type="stmt"/>
        </file>
        <file name="route.js" path="/Users/chchen/Octopus/web-octopus/utils/route.js">
          <metrics statements="1" coveredstatements="1" conditionals="2" coveredconditionals="2" methods="1" coveredmethods="1"/>
          <line num="4" count="16" type="cond" truecount="2" falsecount="0"/>
        </file>
        <file name="timeout.js" path="/Users/chchen/Octopus/web-octopus/utils/timeout.js">
          <metrics statements="1" coveredstatements="1" conditionals="0" coveredconditionals="0" methods="2" coveredmethods="2"/>
          <line num="2" count="1" type="stmt"/>
        </file>
      </package>
    </metrics>
  </project>
</coverage>
