{"/Users/chchen/Octopus/web-octopus/constants.js": {"path":"/Users/chchen/Octopus/web-octopus/constants.js","statementMap":{"0":{"start":{"line":3,"column":31},"end":{"line":3,"column":43}},"1":{"start":{"line":5,"column":31},"end":{"line":5,"column":48}},"2":{"start":{"line":6,"column":29},"end":{"line":6,"column":44}},"3":{"start":{"line":7,"column":32},"end":{"line":7,"column":50}},"4":{"start":{"line":9,"column":25},"end":{"line":9,"column":36}},"5":{"start":{"line":11,"column":26},"end":{"line":11,"column":35}},"6":{"start":{"line":13,"column":31},"end":{"line":13,"column":33}},"7":{"start":{"line":15,"column":32},"end":{"line":15,"column":50}},"8":{"start":{"line":17,"column":30},"end":{"line":17,"column":40}},"9":{"start":{"line":19,"column":39},"end":{"line":19,"column":83}}},"fnMap":{},"branchMap":{},"s":{"0":3,"1":3,"2":3,"3":3,"4":3,"5":3,"6":3,"7":3,"8":3,"9":3},"f":{},"b":{},"_coverageSchema":"332fd63041d2c1bcb487cc26dd0d5f7d97098a6c","hash":"b358dd86122da6c7e6392e45b083a78efb93970e"}
,"/Users/chchen/Octopus/web-octopus/actions/actions.js": {"path":"/Users/chchen/Octopus/web-octopus/actions/actions.js","statementMap":{"0":{"start":{"line":1,"column":20},"end":{"line":14,"column":1}},"1":{"start":{"line":16,"column":16},"end":{"line":47,"column":6}},"2":{"start":{"line":17,"column":25},"end":{"line":17,"column":48}},"3":{"start":{"line":18,"column":25},"end":{"line":18,"column":48}},"4":{"start":{"line":19,"column":25},"end":{"line":19,"column":48}},"5":{"start":{"line":20,"column":2},"end":{"line":45,"column":4}},"6":{"start":{"line":26,"column":6},"end":{"line":30,"column":8}},"7":{"start":{"line":33,"column":6},"end":{"line":37,"column":8}},"8":{"start":{"line":39,"column":34},"end":{"line":44,"column":5}},"9":{"start":{"line":46,"column":2},"end":{"line":46,"column":16}},"10":{"start":{"line":50,"column":2},"end":{"line":53,"column":9}},"11":{"start":{"line":51,"column":4},"end":{"line":51,"column":61}},"12":{"start":{"line":52,"column":4},"end":{"line":52,"column":18}}},"fnMap":{"0":{"name":"(anonymous_0)","decl":{"start":{"line":16,"column":35},"end":{"line":16,"column":36}},"loc":{"start":{"line":16,"column":59},"end":{"line":47,"column":1}},"line":16},"1":{"name":"(anonymous_1)","decl":{"start":{"line":25,"column":13},"end":{"line":25,"column":14}},"loc":{"start":{"line":25,"column":33},"end":{"line":31,"column":5}},"line":25},"2":{"name":"(anonymous_2)","decl":{"start":{"line":32,"column":13},"end":{"line":32,"column":14}},"loc":{"start":{"line":32,"column":33},"end":{"line":38,"column":5}},"line":32},"3":{"name":"(anonymous_3)","decl":{"start":{"line":39,"column":13},"end":{"line":39,"column":14}},"loc":{"start":{"line":39,"column":34},"end":{"line":44,"column":5}},"line":39},"4":{"name":"makeActionRequestCollection","decl":{"start":{"line":49,"column":16},"end":{"line":49,"column":43}},"loc":{"start":{"line":49,"column":59},"end":{"line":54,"column":1}},"line":49},"5":{"name":"(anonymous_5)","decl":{"start":{"line":50,"column":30},"end":{"line":50,"column":31}},"loc":{"start":{"line":50,"column":56},"end":{"line":53,"column":3}},"line":50}},"branchMap":{},"s":{"0":2,"1":2,"2":18,"3":18,"4":18,"5":18,"6":1,"7":2,"8":1,"9":18,"10":1,"11":1,"12":1},"f":{"0":18,"1":1,"2":2,"3":1,"4":1,"5":1},"b":{},"_coverageSchema":"332fd63041d2c1bcb487cc26dd0d5f7d97098a6c","hash":"f88918b4a90a8576368661a73d52c9ead4e0954e"}
,"/Users/chchen/Octopus/web-octopus/actions/todo/todo-statistics.js": {"path":"/Users/chchen/Octopus/web-octopus/actions/todo/todo-statistics.js","statementMap":{"0":{"start":{"line":8,"column":40},"end":{"line":8,"column":66}},"1":{"start":{"line":9,"column":42},"end":{"line":9,"column":70}},"2":{"start":{"line":12,"column":2},"end":{"line":15,"column":4}},"3":{"start":{"line":19,"column":2},"end":{"line":21,"column":4}},"4":{"start":{"line":24,"column":41},"end":{"line":24,"column":68}},"5":{"start":{"line":25,"column":41},"end":{"line":25,"column":68}},"6":{"start":{"line":26,"column":41},"end":{"line":26,"column":68}},"7":{"start":{"line":29,"column":2},"end":{"line":31,"column":4}},"8":{"start":{"line":35,"column":2},"end":{"line":38,"column":4}},"9":{"start":{"line":42,"column":2},"end":{"line":46,"column":4}},"10":{"start":{"line":50,"column":17},"end":{"line":50,"column":44}},"11":{"start":{"line":51,"column":2},"end":{"line":57,"column":4}},"12":{"start":{"line":52,"column":4},"end":{"line":52,"column":39}},"13":{"start":{"line":53,"column":4},"end":{"line":56,"column":65}},"14":{"start":{"line":55,"column":22},"end":{"line":55,"column":60}},"15":{"start":{"line":56,"column":24},"end":{"line":56,"column":63}},"16":{"start":{"line":62,"column":56},"end":{"line":62,"column":98}},"17":{"start":{"line":63,"column":56},"end":{"line":63,"column":98}},"18":{"start":{"line":66,"column":2},"end":{"line":69,"column":4}},"19":{"start":{"line":73,"column":2},"end":{"line":77,"column":4}},"20":{"start":{"line":81,"column":17},"end":{"line":81,"column":45}},"21":{"start":{"line":82,"column":2},"end":{"line":87,"column":4}},"22":{"start":{"line":83,"column":4},"end":{"line":86,"column":65}},"23":{"start":{"line":85,"column":22},"end":{"line":85,"column":60}},"24":{"start":{"line":86,"column":24},"end":{"line":86,"column":63}}},"fnMap":{"0":{"name":"activeTdRepeatHistory","decl":{"start":{"line":11,"column":16},"end":{"line":11,"column":37}},"loc":{"start":{"line":11,"column":44},"end":{"line":16,"column":1}},"line":11},"1":{"name":"unactiveTdRepeatHistory","decl":{"start":{"line":18,"column":16},"end":{"line":18,"column":39}},"loc":{"start":{"line":18,"column":42},"end":{"line":22,"column":1}},"line":18},"2":{"name":"tdRepeatHistoryRequest","decl":{"start":{"line":28,"column":16},"end":{"line":28,"column":38}},"loc":{"start":{"line":28,"column":41},"end":{"line":32,"column":1}},"line":28},"3":{"name":"tdRepeatHistorySuccess","decl":{"start":{"line":34,"column":16},"end":{"line":34,"column":38}},"loc":{"start":{"line":34,"column":45},"end":{"line":39,"column":1}},"line":34},"4":{"name":"tdRepeatHistoryFailure","decl":{"start":{"line":41,"column":16},"end":{"line":41,"column":38}},"loc":{"start":{"line":41,"column":46},"end":{"line":47,"column":1}},"line":41},"5":{"name":"getTodoRepeatHistory","decl":{"start":{"line":49,"column":16},"end":{"line":49,"column":36}},"loc":{"start":{"line":49,"column":45},"end":{"line":58,"column":1}},"line":49},"6":{"name":"(anonymous_6)","decl":{"start":{"line":51,"column":9},"end":{"line":51,"column":10}},"loc":{"start":{"line":51,"column":21},"end":{"line":57,"column":3}},"line":51},"7":{"name":"(anonymous_7)","decl":{"start":{"line":55,"column":12},"end":{"line":55,"column":13}},"loc":{"start":{"line":55,"column":22},"end":{"line":55,"column":60}},"line":55},"8":{"name":"(anonymous_8)","decl":{"start":{"line":56,"column":13},"end":{"line":56,"column":14}},"loc":{"start":{"line":56,"column":24},"end":{"line":56,"column":63}},"line":56},"9":{"name":"tdRepeatHistoryYestoryUpdateSuccess","decl":{"start":{"line":65,"column":16},"end":{"line":65,"column":51}},"loc":{"start":{"line":65,"column":58},"end":{"line":70,"column":1}},"line":65},"10":{"name":"tdRepeatHistoryYestoryUpdateFailure","decl":{"start":{"line":72,"column":16},"end":{"line":72,"column":51}},"loc":{"start":{"line":72,"column":59},"end":{"line":78,"column":1}},"line":72},"11":{"name":"tdRepeatHistoryYestoryUpdate","decl":{"start":{"line":80,"column":16},"end":{"line":80,"column":44}},"loc":{"start":{"line":80,"column":59},"end":{"line":88,"column":1}},"line":80},"12":{"name":"(anonymous_12)","decl":{"start":{"line":82,"column":9},"end":{"line":82,"column":10}},"loc":{"start":{"line":82,"column":21},"end":{"line":87,"column":3}},"line":82},"13":{"name":"(anonymous_13)","decl":{"start":{"line":85,"column":12},"end":{"line":85,"column":13}},"loc":{"start":{"line":85,"column":22},"end":{"line":85,"column":60}},"line":85},"14":{"name":"(anonymous_14)","decl":{"start":{"line":86,"column":13},"end":{"line":86,"column":14}},"loc":{"start":{"line":86,"column":24},"end":{"line":86,"column":63}},"line":86}},"branchMap":{},"s":{"0":1,"1":1,"2":0,"3":0,"4":1,"5":1,"6":1,"7":0,"8":0,"9":0,"10":0,"11":0,"12":0,"13":0,"14":0,"15":0,"16":1,"17":1,"18":0,"19":0,"20":0,"21":0,"22":0,"23":0,"24":0},"f":{"0":0,"1":0,"2":0,"3":0,"4":0,"5":0,"6":0,"7":0,"8":0,"9":0,"10":0,"11":0,"12":0,"13":0,"14":0},"b":{},"_coverageSchema":"332fd63041d2c1bcb487cc26dd0d5f7d97098a6c","hash":"e5b7af2591aad90e42fed96c146a955a1c1692c6"}
,"/Users/chchen/Octopus/web-octopus/components/DatePicker/Calendar.js": {"path":"/Users/chchen/Octopus/web-octopus/components/DatePicker/Calendar.js","statementMap":{"0":{"start":{"line":15,"column":4},"end":{"line":15,"column":12}},"1":{"start":{"line":16,"column":4},"end":{"line":16,"column":55}},"2":{"start":{"line":20,"column":4},"end":{"line":20,"column":47}},"3":{"start":{"line":24,"column":4},"end":{"line":24,"column":38}},"4":{"start":{"line":28,"column":4},"end":{"line":28,"column":39}},"5":{"start":{"line":42,"column":4},"end":{"line":42,"column":79}},"6":{"start":{"line":42,"column":45},"end":{"line":42,"column":76}},"7":{"start":{"line":48,"column":4},"end":{"line":55,"column":6}},"8":{"start":{"line":59,"column":4},"end":{"line":64,"column":6}}},"fnMap":{"0":{"name":"(anonymous_0)","decl":{"start":{"line":14,"column":2},"end":{"line":14,"column":3}},"loc":{"start":{"line":14,"column":16},"end":{"line":17,"column":3}},"line":14},"1":{"name":"(anonymous_1)","decl":{"start":{"line":19,"column":2},"end":{"line":19,"column":3}},"loc":{"start":{"line":19,"column":23},"end":{"line":21,"column":3}},"line":19},"2":{"name":"(anonymous_2)","decl":{"start":{"line":23,"column":2},"end":{"line":23,"column":3}},"loc":{"start":{"line":23,"column":21},"end":{"line":25,"column":3}},"line":23},"3":{"name":"(anonymous_3)","decl":{"start":{"line":27,"column":2},"end":{"line":27,"column":3}},"loc":{"start":{"line":27,"column":22},"end":{"line":29,"column":3}},"line":27},"4":{"name":"(anonymous_4)","decl":{"start":{"line":41,"column":2},"end":{"line":41,"column":3}},"loc":{"start":{"line":41,"column":16},"end":{"line":43,"column":3}},"line":41},"5":{"name":"(anonymous_5)","decl":{"start":{"line":42,"column":26},"end":{"line":42,"column":27}},"loc":{"start":{"line":42,"column":45},"end":{"line":42,"column":76}},"line":42},"6":{"name":"(anonymous_6)","decl":{"start":{"line":45,"column":2},"end":{"line":45,"column":3}},"loc":{"start":{"line":45,"column":18},"end":{"line":45,"column":20}},"line":45},"7":{"name":"(anonymous_7)","decl":{"start":{"line":47,"column":2},"end":{"line":47,"column":3}},"loc":{"start":{"line":47,"column":17},"end":{"line":56,"column":3}},"line":47},"8":{"name":"(anonymous_8)","decl":{"start":{"line":58,"column":2},"end":{"line":58,"column":3}},"loc":{"start":{"line":58,"column":11},"end":{"line":65,"column":3}},"line":58}},"branchMap":{},"s":{"0":0,"1":0,"2":0,"3":0,"4":0,"5":0,"6":0,"7":0,"8":0},"f":{"0":0,"1":0,"2":0,"3":0,"4":0,"5":0,"6":0,"7":0,"8":0},"b":{},"_coverageSchema":"332fd63041d2c1bcb487cc26dd0d5f7d97098a6c","hash":"23d3dc314a1119e5bf9b55924730ce6f5502c595"}
,"/Users/chchen/Octopus/web-octopus/components/DatePicker/DatePicker.js": {"path":"/Users/chchen/Octopus/web-octopus/components/DatePicker/DatePicker.js","statementMap":{"0":{"start":{"line":11,"column":4},"end":{"line":11,"column":17}},"1":{"start":{"line":12,"column":4},"end":{"line":12,"column":48}},"2":{"start":{"line":13,"column":4},"end":{"line":13,"column":39}},"3":{"start":{"line":14,"column":4},"end":{"line":14,"column":39}},"4":{"start":{"line":15,"column":4},"end":{"line":15,"column":49}},"5":{"start":{"line":16,"column":4},"end":{"line":16,"column":51}},"6":{"start":{"line":17,"column":4},"end":{"line":17,"column":47}},"7":{"start":{"line":18,"column":4},"end":{"line":18,"column":47}},"8":{"start":{"line":19,"column":4},"end":{"line":19,"column":41}},"9":{"start":{"line":23,"column":4},"end":{"line":23,"column":16}},"10":{"start":{"line":27,"column":22},"end":{"line":27,"column":94}},"11":{"start":{"line":29,"column":4},"end":{"line":33,"column":7}},"12":{"start":{"line":34,"column":4},"end":{"line":41,"column":9}},"13":{"start":{"line":42,"column":4},"end":{"line":44,"column":5}},"14":{"start":{"line":43,"column":6},"end":{"line":43,"column":56}},"15":{"start":{"line":48,"column":4},"end":{"line":48,"column":28}},"16":{"start":{"line":52,"column":4},"end":{"line":52,"column":50}},"17":{"start":{"line":56,"column":4},"end":{"line":56,"column":28}},"18":{"start":{"line":57,"column":4},"end":{"line":57,"column":35}},"19":{"start":{"line":58,"column":4},"end":{"line":58,"column":57}},"20":{"start":{"line":59,"column":4},"end":{"line":59,"column":38}},"21":{"start":{"line":63,"column":4},"end":{"line":63,"column":37}},"22":{"start":{"line":67,"column":4},"end":{"line":69,"column":55}},"23":{"start":{"line":73,"column":4},"end":{"line":75,"column":55}},"24":{"start":{"line":79,"column":4},"end":{"line":79,"column":34}},"25":{"start":{"line":83,"column":4},"end":{"line":83,"column":36}},"26":{"start":{"line":87,"column":4},"end":{"line":87,"column":35}},"27":{"start":{"line":88,"column":4},"end":{"line":97,"column":7}},"28":{"start":{"line":99,"column":4},"end":{"line":99,"column":57}},"29":{"start":{"line":100,"column":4},"end":{"line":100,"column":17}},"30":{"start":{"line":104,"column":20},"end":{"line":104,"column":33}},"31":{"start":{"line":105,"column":4},"end":{"line":107,"column":5}},"32":{"start":{"line":106,"column":6},"end":{"line":106,"column":46}},"33":{"start":{"line":108,"column":4},"end":{"line":108,"column":21}},"34":{"start":{"line":112,"column":23},"end":{"line":114,"column":60}},"35":{"start":{"line":115,"column":4},"end":{"line":150,"column":6}}},"fnMap":{"0":{"name":"(anonymous_0)","decl":{"start":{"line":10,"column":2},"end":{"line":10,"column":3}},"loc":{"start":{"line":10,"column":21},"end":{"line":20,"column":3}},"line":10},"1":{"name":"(anonymous_1)","decl":{"start":{"line":22,"column":2},"end":{"line":22,"column":3}},"loc":{"start":{"line":22,"column":22},"end":{"line":24,"column":3}},"line":22},"2":{"name":"(anonymous_2)","decl":{"start":{"line":26,"column":2},"end":{"line":26,"column":3}},"loc":{"start":{"line":26,"column":9},"end":{"line":45,"column":3}},"line":26},"3":{"name":"(anonymous_3)","decl":{"start":{"line":47,"column":2},"end":{"line":47,"column":3}},"loc":{"start":{"line":47,"column":12},"end":{"line":49,"column":3}},"line":47},"4":{"name":"(anonymous_4)","decl":{"start":{"line":51,"column":2},"end":{"line":51,"column":3}},"loc":{"start":{"line":51,"column":11},"end":{"line":53,"column":3}},"line":51},"5":{"name":"(anonymous_5)","decl":{"start":{"line":55,"column":2},"end":{"line":55,"column":3}},"loc":{"start":{"line":55,"column":15},"end":{"line":60,"column":3}},"line":55},"6":{"name":"(anonymous_6)","decl":{"start":{"line":62,"column":2},"end":{"line":62,"column":3}},"loc":{"start":{"line":62,"column":10},"end":{"line":64,"column":3}},"line":62},"7":{"name":"(anonymous_7)","decl":{"start":{"line":66,"column":2},"end":{"line":66,"column":3}},"loc":{"start":{"line":66,"column":14},"end":{"line":70,"column":3}},"line":66},"8":{"name":"(anonymous_8)","decl":{"start":{"line":72,"column":2},"end":{"line":72,"column":3}},"loc":{"start":{"line":72,"column":19},"end":{"line":76,"column":3}},"line":72},"9":{"name":"(anonymous_9)","decl":{"start":{"line":78,"column":2},"end":{"line":78,"column":3}},"loc":{"start":{"line":78,"column":19},"end":{"line":80,"column":3}},"line":78},"10":{"name":"(anonymous_10)","decl":{"start":{"line":82,"column":2},"end":{"line":82,"column":3}},"loc":{"start":{"line":82,"column":21},"end":{"line":84,"column":3}},"line":82},"11":{"name":"(anonymous_11)","decl":{"start":{"line":86,"column":2},"end":{"line":86,"column":3}},"loc":{"start":{"line":86,"column":19},"end":{"line":101,"column":3}},"line":86},"12":{"name":"(anonymous_12)","decl":{"start":{"line":103,"column":2},"end":{"line":103,"column":3}},"loc":{"start":{"line":103,"column":19},"end":{"line":109,"column":3}},"line":103},"13":{"name":"(anonymous_13)","decl":{"start":{"line":111,"column":2},"end":{"line":111,"column":3}},"loc":{"start":{"line":111,"column":11},"end":{"line":151,"column":3}},"line":111}},"branchMap":{"0":{"loc":{"start":{"line":27,"column":22},"end":{"line":27,"column":94}},"type":"cond-expr","locations":[{"start":{"line":27,"column":48},"end":{"line":27,"column":81}},{"start":{"line":27,"column":84},"end":{"line":27,"column":94}}],"line":27},"1":{"loc":{"start":{"line":34,"column":4},"end":{"line":41,"column":8}},"type":"binary-expr","locations":[{"start":{"line":34,"column":4},"end":{"line":34,"column":29}},{"start":{"line":35,"column":6},"end":{"line":41,"column":8}}],"line":34},"2":{"loc":{"start":{"line":42,"column":4},"end":{"line":44,"column":5}},"type":"if","locations":[{"start":{"line":42,"column":4},"end":{"line":44,"column":5}},{"start":{"line":42,"column":4},"end":{"line":44,"column":5}}],"line":42},"3":{"loc":{"start":{"line":58,"column":4},"end":{"line":58,"column":56}},"type":"binary-expr","locations":[{"start":{"line":58,"column":4},"end":{"line":58,"column":25}},{"start":{"line":58,"column":29},"end":{"line":58,"column":56}}],"line":58},"4":{"loc":{"start":{"line":59,"column":4},"end":{"line":59,"column":37}},"type":"binary-expr","locations":[{"start":{"line":59,"column":4},"end":{"line":59,"column":21}},{"start":{"line":59,"column":25},"end":{"line":59,"column":37}}],"line":59},"5":{"loc":{"start":{"line":67,"column":4},"end":{"line":69,"column":54}},"type":"cond-expr","locations":[{"start":{"line":68,"column":8},"end":{"line":68,"column":62}},{"start":{"line":69,"column":8},"end":{"line":69,"column":54}}],"line":67},"6":{"loc":{"start":{"line":73,"column":4},"end":{"line":75,"column":54}},"type":"cond-expr","locations":[{"start":{"line":74,"column":8},"end":{"line":74,"column":63}},{"start":{"line":75,"column":8},"end":{"line":75,"column":54}}],"line":73},"7":{"loc":{"start":{"line":99,"column":4},"end":{"line":99,"column":56}},"type":"binary-expr","locations":[{"start":{"line":99,"column":4},"end":{"line":99,"column":25}},{"start":{"line":99,"column":29},"end":{"line":99,"column":56}}],"line":99},"8":{"loc":{"start":{"line":105,"column":4},"end":{"line":107,"column":5}},"type":"if","locations":[{"start":{"line":105,"column":4},"end":{"line":107,"column":5}},{"start":{"line":105,"column":4},"end":{"line":107,"column":5}}],"line":105},"9":{"loc":{"start":{"line":112,"column":23},"end":{"line":114,"column":60}},"type":"cond-expr","locations":[{"start":{"line":113,"column":8},"end":{"line":113,"column":55}},{"start":{"line":114,"column":8},"end":{"line":114,"column":60}}],"line":112},"10":{"loc":{"start":{"line":114,"column":8},"end":{"line":114,"column":60}},"type":"cond-expr","locations":[{"start":{"line":114,"column":33},"end":{"line":114,"column":55}},{"start":{"line":114,"column":58},"end":{"line":114,"column":60}}],"line":114},"11":{"loc":{"start":{"line":117,"column":9},"end":{"line":122,"column":12}},"type":"binary-expr","locations":[{"start":{"line":117,"column":9},"end":{"line":117,"column":29}},{"start":{"line":118,"column":10},"end":{"line":122,"column":12}}],"line":117},"12":{"loc":{"start":{"line":125,"column":41},"end":{"line":127,"column":16}},"type":"cond-expr","locations":[{"start":{"line":126,"column":14},"end":{"line":126,"column":28}},{"start":{"line":127,"column":14},"end":{"line":127,"column":16}}],"line":125},"13":{"loc":{"start":{"line":125,"column":41},"end":{"line":125,"column":84}},"type":"binary-expr","locations":[{"start":{"line":125,"column":41},"end":{"line":125,"column":58}},{"start":{"line":125,"column":62},"end":{"line":125,"column":84}}],"line":125},"14":{"loc":{"start":{"line":133,"column":9},"end":{"line":134,"column":98}},"type":"binary-expr","locations":[{"start":{"line":133,"column":9},"end":{"line":133,"column":25}},{"start":{"line":134,"column":10},"end":{"line":134,"column":98}}],"line":133}},"s":{"0":3,"1":3,"2":3,"3":3,"4":3,"5":3,"6":3,"7":3,"8":3,"9":3,"10":3,"11":3,"12":3,"13":3,"14":0,"15":0,"16":0,"17":0,"18":0,"19":0,"20":0,"21":0,"22":0,"23":0,"24":0,"25":0,"26":0,"27":0,"28":0,"29":0,"30":6,"31":6,"32":0,"33":6,"34":6,"35":6},"f":{"0":3,"1":3,"2":3,"3":0,"4":0,"5":0,"6":0,"7":0,"8":0,"9":0,"10":0,"11":0,"12":6,"13":6},"b":{"0":[0,3],"1":[3,0],"2":[0,3],"3":[0,0],"4":[0,0],"5":[0,0],"6":[0,0],"7":[0,0],"8":[0,6],"9":[0,6],"10":[6,0],"11":[6,0],"12":[6,0],"13":[6,6],"14":[6,0]},"_coverageSchema":"332fd63041d2c1bcb487cc26dd0d5f7d97098a6c","hash":"31aeb11e502e5b2deb6f694c41d43771903f7149"}
,"/Users/chchen/Octopus/web-octopus/components/DatePicker/Day.js": {"path":"/Users/chchen/Octopus/web-octopus/components/DatePicker/Day.js","statementMap":{"0":{"start":{"line":6,"column":4},"end":{"line":6,"column":12}},"1":{"start":{"line":12,"column":17},"end":{"line":12,"column":88}},"2":{"start":{"line":13,"column":4},"end":{"line":13,"column":32}},"3":{"start":{"line":17,"column":21},"end":{"line":17,"column":31}},"4":{"start":{"line":18,"column":20},"end":{"line":18,"column":38}},"5":{"start":{"line":19,"column":4},"end":{"line":21,"column":5}},"6":{"start":{"line":20,"column":6},"end":{"line":20,"column":32}},"7":{"start":{"line":22,"column":4},"end":{"line":24,"column":5}},"8":{"start":{"line":23,"column":6},"end":{"line":23,"column":31}},"9":{"start":{"line":25,"column":4},"end":{"line":27,"column":5}},"10":{"start":{"line":26,"column":6},"end":{"line":26,"column":28}},"11":{"start":{"line":28,"column":4},"end":{"line":30,"column":5}},"12":{"start":{"line":29,"column":6},"end":{"line":29,"column":31}},"13":{"start":{"line":31,"column":4},"end":{"line":31,"column":21}},"14":{"start":{"line":35,"column":21},"end":{"line":35,"column":31}},"15":{"start":{"line":36,"column":4},"end":{"line":40,"column":6}}},"fnMap":{"0":{"name":"(anonymous_0)","decl":{"start":{"line":5,"column":2},"end":{"line":5,"column":3}},"loc":{"start":{"line":5,"column":16},"end":{"line":7,"column":3}},"line":5},"1":{"name":"(anonymous_1)","decl":{"start":{"line":9,"column":2},"end":{"line":9,"column":3}},"loc":{"start":{"line":9,"column":12},"end":{"line":9,"column":14}},"line":9},"2":{"name":"(anonymous_2)","decl":{"start":{"line":11,"column":2},"end":{"line":11,"column":3}},"loc":{"start":{"line":11,"column":15},"end":{"line":14,"column":3}},"line":11},"3":{"name":"(anonymous_3)","decl":{"start":{"line":16,"column":2},"end":{"line":16,"column":3}},"loc":{"start":{"line":16,"column":19},"end":{"line":32,"column":3}},"line":16},"4":{"name":"(anonymous_4)","decl":{"start":{"line":34,"column":2},"end":{"line":34,"column":3}},"loc":{"start":{"line":34,"column":11},"end":{"line":41,"column":3}},"line":34}},"branchMap":{"0":{"loc":{"start":{"line":19,"column":4},"end":{"line":21,"column":5}},"type":"if","locations":[{"start":{"line":19,"column":4},"end":{"line":21,"column":5}},{"start":{"line":19,"column":4},"end":{"line":21,"column":5}}],"line":19},"1":{"loc":{"start":{"line":22,"column":4},"end":{"line":24,"column":5}},"type":"if","locations":[{"start":{"line":22,"column":4},"end":{"line":24,"column":5}},{"start":{"line":22,"column":4},"end":{"line":24,"column":5}}],"line":22},"2":{"loc":{"start":{"line":25,"column":4},"end":{"line":27,"column":5}},"type":"if","locations":[{"start":{"line":25,"column":4},"end":{"line":27,"column":5}},{"start":{"line":25,"column":4},"end":{"line":27,"column":5}}],"line":25},"3":{"loc":{"start":{"line":28,"column":4},"end":{"line":30,"column":5}},"type":"if","locations":[{"start":{"line":28,"column":4},"end":{"line":30,"column":5}},{"start":{"line":28,"column":4},"end":{"line":30,"column":5}}],"line":28}},"s":{"0":0,"1":0,"2":0,"3":0,"4":0,"5":0,"6":0,"7":0,"8":0,"9":0,"10":0,"11":0,"12":0,"13":0,"14":0,"15":0},"f":{"0":0,"1":0,"2":0,"3":0,"4":0},"b":{"0":[0,0],"1":[0,0],"2":[0,0],"3":[0,0]},"_coverageSchema":"332fd63041d2c1bcb487cc26dd0d5f7d97098a6c","hash":"65fd2e7ff3484a5779277586edc993f09b6ae86c"}
,"/Users/chchen/Octopus/web-octopus/components/DatePicker/Month.js": {"path":"/Users/chchen/Octopus/web-octopus/components/DatePicker/Month.js","statementMap":{"0":{"start":{"line":8,"column":4},"end":{"line":8,"column":17}},"1":{"start":{"line":18,"column":41},"end":{"line":18,"column":51}},"2":{"start":{"line":19,"column":4},"end":{"line":27,"column":6}},"3":{"start":{"line":22,"column":10},"end":{"line":24,"column":15}},"4":{"start":{"line":31,"column":33},"end":{"line":31,"column":43}},"5":{"start":{"line":32,"column":29},"end":{"line":32,"column":39}},"6":{"start":{"line":33,"column":22},"end":{"line":33,"column":46}},"7":{"start":{"line":34,"column":26},"end":{"line":34,"column":54}},"8":{"start":{"line":35,"column":27},"end":{"line":35,"column":61}},"9":{"start":{"line":37,"column":18},"end":{"line":37,"column":28}},"10":{"start":{"line":38,"column":18},"end":{"line":38,"column":37}},"11":{"start":{"line":39,"column":19},"end":{"line":39,"column":39}},"12":{"start":{"line":40,"column":17},"end":{"line":40,"column":32}},"13":{"start":{"line":42,"column":16},"end":{"line":42,"column":31}},"14":{"start":{"line":43,"column":17},"end":{"line":43,"column":19}},"15":{"start":{"line":44,"column":4},"end":{"line":93,"column":5}},"16":{"start":{"line":45,"column":14},"end":{"line":45,"column":25}},"17":{"start":{"line":46,"column":6},"end":{"line":88,"column":7}},"18":{"start":{"line":47,"column":8},"end":{"line":86,"column":9}},"19":{"start":{"line":48,"column":28},"end":{"line":48,"column":53}},"20":{"start":{"line":49,"column":10},"end":{"line":59,"column":13}},"21":{"start":{"line":60,"column":15},"end":{"line":86,"column":9}},"22":{"start":{"line":61,"column":28},"end":{"line":61,"column":49}},"23":{"start":{"line":62,"column":10},"end":{"line":72,"column":13}},"24":{"start":{"line":74,"column":28},"end":{"line":74,"column":37}},"25":{"start":{"line":75,"column":10},"end":{"line":85,"column":13}},"26":{"start":{"line":87,"column":8},"end":{"line":87,"column":16}},"27":{"start":{"line":89,"column":6},"end":{"line":89,"column":21}},"28":{"start":{"line":90,"column":6},"end":{"line":92,"column":7}},"29":{"start":{"line":91,"column":8},"end":{"line":91,"column":14}},"30":{"start":{"line":94,"column":4},"end":{"line":94,"column":81}},"31":{"start":{"line":94,"column":35},"end":{"line":94,"column":79}},"32":{"start":{"line":98,"column":4},"end":{"line":105,"column":6}}},"fnMap":{"0":{"name":"(anonymous_0)","decl":{"start":{"line":7,"column":2},"end":{"line":7,"column":3}},"loc":{"start":{"line":7,"column":21},"end":{"line":9,"column":3}},"line":7},"1":{"name":"(anonymous_1)","decl":{"start":{"line":11,"column":2},"end":{"line":11,"column":3}},"loc":{"start":{"line":11,"column":12},"end":{"line":11,"column":14}},"line":11},"2":{"name":"(anonymous_2)","decl":{"start":{"line":13,"column":2},"end":{"line":13,"column":3}},"loc":{"start":{"line":13,"column":12},"end":{"line":13,"column":14}},"line":13},"3":{"name":"(anonymous_3)","decl":{"start":{"line":15,"column":2},"end":{"line":15,"column":3}},"loc":{"start":{"line":15,"column":13},"end":{"line":15,"column":15}},"line":15},"4":{"name":"(anonymous_4)","decl":{"start":{"line":17,"column":2},"end":{"line":17,"column":3}},"loc":{"start":{"line":17,"column":19},"end":{"line":28,"column":3}},"line":17},"5":{"name":"(anonymous_5)","decl":{"start":{"line":21,"column":25},"end":{"line":21,"column":26}},"loc":{"start":{"line":22,"column":10},"end":{"line":24,"column":15}},"line":22},"6":{"name":"(anonymous_6)","decl":{"start":{"line":30,"column":2},"end":{"line":30,"column":3}},"loc":{"start":{"line":30,"column":16},"end":{"line":95,"column":3}},"line":30},"7":{"name":"(anonymous_7)","decl":{"start":{"line":94,"column":22},"end":{"line":94,"column":23}},"loc":{"start":{"line":94,"column":35},"end":{"line":94,"column":79}},"line":94},"8":{"name":"(anonymous_8)","decl":{"start":{"line":97,"column":2},"end":{"line":97,"column":3}},"loc":{"start":{"line":97,"column":11},"end":{"line":106,"column":3}},"line":97}},"branchMap":{"0":{"loc":{"start":{"line":18,"column":12},"end":{"line":18,"column":36}},"type":"default-arg","locations":[{"start":{"line":18,"column":35},"end":{"line":18,"column":36}}],"line":18},"1":{"loc":{"start":{"line":47,"column":8},"end":{"line":86,"column":9}},"type":"if","locations":[{"start":{"line":47,"column":8},"end":{"line":86,"column":9}},{"start":{"line":47,"column":8},"end":{"line":86,"column":9}}],"line":47},"2":{"loc":{"start":{"line":54,"column":14},"end":{"line":57,"column":44}},"type":"binary-expr","locations":[{"start":{"line":54,"column":14},"end":{"line":54,"column":28}},{"start":{"line":55,"column":14},"end":{"line":55,"column":40}},{"start":{"line":56,"column":14},"end":{"line":56,"column":42}},{"start":{"line":57,"column":14},"end":{"line":57,"column":44}}],"line":54},"3":{"loc":{"start":{"line":58,"column":21},"end":{"line":58,"column":81}},"type":"binary-expr","locations":[{"start":{"line":58,"column":21},"end":{"line":58,"column":35}},{"start":{"line":58,"column":39},"end":{"line":58,"column":59}},{"start":{"line":58,"column":63},"end":{"line":58,"column":81}}],"line":58},"4":{"loc":{"start":{"line":60,"column":15},"end":{"line":86,"column":9}},"type":"if","locations":[{"start":{"line":60,"column":15},"end":{"line":86,"column":9}},{"start":{"line":60,"column":15},"end":{"line":86,"column":9}}],"line":60},"5":{"loc":{"start":{"line":67,"column":14},"end":{"line":70,"column":44}},"type":"binary-expr","locations":[{"start":{"line":67,"column":14},"end":{"line":67,"column":28}},{"start":{"line":68,"column":14},"end":{"line":68,"column":40}},{"start":{"line":69,"column":14},"end":{"line":69,"column":42}},{"start":{"line":70,"column":14},"end":{"line":70,"column":44}}],"line":67},"6":{"loc":{"start":{"line":71,"column":21},"end":{"line":71,"column":81}},"type":"binary-expr","locations":[{"start":{"line":71,"column":21},"end":{"line":71,"column":35}},{"start":{"line":71,"column":39},"end":{"line":71,"column":59}},{"start":{"line":71,"column":63},"end":{"line":71,"column":81}}],"line":71},"7":{"loc":{"start":{"line":80,"column":14},"end":{"line":83,"column":44}},"type":"binary-expr","locations":[{"start":{"line":80,"column":14},"end":{"line":80,"column":28}},{"start":{"line":81,"column":14},"end":{"line":81,"column":40}},{"start":{"line":82,"column":14},"end":{"line":82,"column":42}},{"start":{"line":83,"column":14},"end":{"line":83,"column":44}}],"line":80},"8":{"loc":{"start":{"line":84,"column":21},"end":{"line":84,"column":77}},"type":"binary-expr","locations":[{"start":{"line":84,"column":21},"end":{"line":84,"column":35}},{"start":{"line":84,"column":39},"end":{"line":84,"column":55}},{"start":{"line":84,"column":59},"end":{"line":84,"column":77}}],"line":84},"9":{"loc":{"start":{"line":90,"column":6},"end":{"line":92,"column":7}},"type":"if","locations":[{"start":{"line":90,"column":6},"end":{"line":92,"column":7}},{"start":{"line":90,"column":6},"end":{"line":92,"column":7}}],"line":90}},"s":{"0":0,"1":0,"2":0,"3":0,"4":0,"5":0,"6":0,"7":0,"8":0,"9":0,"10":0,"11":0,"12":0,"13":0,"14":0,"15":0,"16":0,"17":0,"18":0,"19":0,"20":0,"21":0,"22":0,"23":0,"24":0,"25":0,"26":0,"27":0,"28":0,"29":0,"30":0,"31":0,"32":0},"f":{"0":0,"1":0,"2":0,"3":0,"4":0,"5":0,"6":0,"7":0,"8":0},"b":{"0":[0],"1":[0,0],"2":[0,0,0,0],"3":[0,0,0],"4":[0,0],"5":[0,0,0,0],"6":[0,0,0],"7":[0,0,0,0],"8":[0,0,0],"9":[0,0]},"_coverageSchema":"332fd63041d2c1bcb487cc26dd0d5f7d97098a6c","hash":"daa8aba1a2a90b13e8d123be7a0e3a211a6620ef"}
,"/Users/chchen/Octopus/web-octopus/components/DatePicker/Week.js": {"path":"/Users/chchen/Octopus/web-octopus/components/DatePicker/Week.js","statementMap":{"0":{"start":{"line":6,"column":4},"end":{"line":6,"column":17}},"1":{"start":{"line":14,"column":21},"end":{"line":14,"column":31}},"2":{"start":{"line":15,"column":4},"end":{"line":15,"column":76}},"3":{"start":{"line":15,"column":32},"end":{"line":15,"column":74}},"4":{"start":{"line":19,"column":4},"end":{"line":23,"column":6}}},"fnMap":{"0":{"name":"(anonymous_0)","decl":{"start":{"line":5,"column":2},"end":{"line":5,"column":3}},"loc":{"start":{"line":5,"column":21},"end":{"line":7,"column":3}},"line":5},"1":{"name":"(anonymous_1)","decl":{"start":{"line":9,"column":2},"end":{"line":9,"column":3}},"loc":{"start":{"line":9,"column":12},"end":{"line":9,"column":14}},"line":9},"2":{"name":"(anonymous_2)","decl":{"start":{"line":11,"column":2},"end":{"line":11,"column":3}},"loc":{"start":{"line":11,"column":12},"end":{"line":11,"column":14}},"line":11},"3":{"name":"(anonymous_3)","decl":{"start":{"line":13,"column":2},"end":{"line":13,"column":3}},"loc":{"start":{"line":13,"column":15},"end":{"line":16,"column":3}},"line":13},"4":{"name":"(anonymous_4)","decl":{"start":{"line":15,"column":20},"end":{"line":15,"column":21}},"loc":{"start":{"line":15,"column":32},"end":{"line":15,"column":74}},"line":15},"5":{"name":"(anonymous_5)","decl":{"start":{"line":18,"column":2},"end":{"line":18,"column":3}},"loc":{"start":{"line":18,"column":11},"end":{"line":24,"column":3}},"line":18}},"branchMap":{},"s":{"0":0,"1":0,"2":0,"3":0,"4":0},"f":{"0":0,"1":0,"2":0,"3":0,"4":0,"5":0},"b":{},"_coverageSchema":"332fd63041d2c1bcb487cc26dd0d5f7d97098a6c","hash":"5a5be38f8abe3d1704f1d1e2c1c9751886a31578"}
,"/Users/chchen/Octopus/web-octopus/components/DatePicker/constant.js": {"path":"/Users/chchen/Octopus/web-octopus/components/DatePicker/constant.js","statementMap":{"0":{"start":{"line":1,"column":26},"end":{"line":1,"column":28}},"1":{"start":{"line":4,"column":27},"end":{"line":4,"column":77}},"2":{"start":{"line":6,"column":26},"end":{"line":7,"column":92}},"3":{"start":{"line":9,"column":28},"end":{"line":9,"column":29}}},"fnMap":{},"branchMap":{},"s":{"0":3,"1":3,"2":3,"3":3},"f":{},"b":{},"_coverageSchema":"332fd63041d2c1bcb487cc26dd0d5f7d97098a6c","hash":"fda759988db4c2c13a7240c329b3839e0863258e"}
,"/Users/chchen/Octopus/web-octopus/components/DatePicker/util.js": {"path":"/Users/chchen/Octopus/web-octopus/components/DatePicker/util.js","statementMap":{"0":{"start":{"line":2,"column":2},"end":{"line":2,"column":44}},"1":{"start":{"line":6,"column":2},"end":{"line":6,"column":49}}},"fnMap":{"0":{"name":"daysInMonth","decl":{"start":{"line":1,"column":16},"end":{"line":1,"column":27}},"loc":{"start":{"line":1,"column":41},"end":{"line":3,"column":1}},"line":1},"1":{"name":"firstDayInMonthOffset","decl":{"start":{"line":5,"column":16},"end":{"line":5,"column":37}},"loc":{"start":{"line":5,"column":51},"end":{"line":7,"column":1}},"line":5}},"branchMap":{},"s":{"0":0,"1":0},"f":{"0":0,"1":0},"b":{},"_coverageSchema":"332fd63041d2c1bcb487cc26dd0d5f7d97098a6c","hash":"c613dc359892e97e51ad502e1bed09188130d0d0"}
,"/Users/chchen/Octopus/web-octopus/components/commons/Logo.js": {"path":"/Users/chchen/Octopus/web-octopus/components/commons/Logo.js","statementMap":{"0":{"start":{"line":7,"column":4},"end":{"line":9,"column":6}}},"fnMap":{"0":{"name":"(anonymous_0)","decl":{"start":{"line":6,"column":2},"end":{"line":6,"column":3}},"loc":{"start":{"line":6,"column":11},"end":{"line":10,"column":3}},"line":6}},"branchMap":{},"s":{"0":3},"f":{"0":3},"b":{},"_coverageSchema":"332fd63041d2c1bcb487cc26dd0d5f7d97098a6c","hash":"bb4a1967d60047029eb070c1cde2483126c9f814"}
,"/Users/chchen/Octopus/web-octopus/components/commons/LogoBan.js": {"path":"/Users/chchen/Octopus/web-octopus/components/commons/LogoBan.js","statementMap":{"0":{"start":{"line":10,"column":4},"end":{"line":10,"column":29}},"1":{"start":{"line":14,"column":4},"end":{"line":19,"column":6}}},"fnMap":{"0":{"name":"(anonymous_0)","decl":{"start":{"line":9,"column":2},"end":{"line":9,"column":3}},"loc":{"start":{"line":9,"column":12},"end":{"line":11,"column":3}},"line":9},"1":{"name":"(anonymous_1)","decl":{"start":{"line":13,"column":2},"end":{"line":13,"column":3}},"loc":{"start":{"line":13,"column":11},"end":{"line":20,"column":3}},"line":13}},"branchMap":{},"s":{"0":0,"1":3},"f":{"0":0,"1":3},"b":{},"_coverageSchema":"332fd63041d2c1bcb487cc26dd0d5f7d97098a6c","hash":"f90fe7f3365bd90f0c1c4c56f2b07cd742fa9db3"}
,"/Users/chchen/Octopus/web-octopus/components/commons/TextLogo.js": {"path":"/Users/chchen/Octopus/web-octopus/components/commons/TextLogo.js","statementMap":{"0":{"start":{"line":5,"column":4},"end":{"line":7,"column":5}},"1":{"start":{"line":6,"column":6},"end":{"line":6,"column":76}},"2":{"start":{"line":9,"column":4},"end":{"line":9,"column":68}}},"fnMap":{"0":{"name":"(anonymous_0)","decl":{"start":{"line":4,"column":2},"end":{"line":4,"column":3}},"loc":{"start":{"line":4,"column":11},"end":{"line":10,"column":3}},"line":4}},"branchMap":{"0":{"loc":{"start":{"line":5,"column":4},"end":{"line":7,"column":5}},"type":"if","locations":[{"start":{"line":5,"column":4},"end":{"line":7,"column":5}},{"start":{"line":5,"column":4},"end":{"line":7,"column":5}}],"line":5}},"s":{"0":3,"1":3,"2":0},"f":{"0":3},"b":{"0":[3,0]},"_coverageSchema":"332fd63041d2c1bcb487cc26dd0d5f7d97098a6c","hash":"0c4af10fe714a982f9f98ed8f108455f3c5868f6"}
,"/Users/chchen/Octopus/web-octopus/components/utils/ClickOutSide.js": {"path":"/Users/chchen/Octopus/web-octopus/components/utils/ClickOutSide.js","statementMap":{"0":{"start":{"line":10,"column":4},"end":{"line":10,"column":17}},"1":{"start":{"line":11,"column":4},"end":{"line":11,"column":53}},"2":{"start":{"line":15,"column":4},"end":{"line":15,"column":25}},"3":{"start":{"line":19,"column":51},"end":{"line":19,"column":61}},"4":{"start":{"line":20,"column":4},"end":{"line":24,"column":6}},"5":{"start":{"line":28,"column":4},"end":{"line":28,"column":58}},"6":{"start":{"line":32,"column":4},"end":{"line":32,"column":61}},"7":{"start":{"line":36,"column":31},"end":{"line":36,"column":41}},"8":{"start":{"line":37,"column":15},"end":{"line":37,"column":29}},"9":{"start":{"line":38,"column":4},"end":{"line":38,"column":50}},"10":{"start":{"line":38,"column":32},"end":{"line":38,"column":50}}},"fnMap":{"0":{"name":"(anonymous_0)","decl":{"start":{"line":9,"column":2},"end":{"line":9,"column":3}},"loc":{"start":{"line":9,"column":21},"end":{"line":12,"column":3}},"line":9},"1":{"name":"(anonymous_1)","decl":{"start":{"line":14,"column":2},"end":{"line":14,"column":3}},"loc":{"start":{"line":14,"column":20},"end":{"line":16,"column":3}},"line":14},"2":{"name":"(anonymous_2)","decl":{"start":{"line":18,"column":2},"end":{"line":18,"column":3}},"loc":{"start":{"line":18,"column":11},"end":{"line":25,"column":3}},"line":18},"3":{"name":"(anonymous_3)","decl":{"start":{"line":27,"column":2},"end":{"line":27,"column":3}},"loc":{"start":{"line":27,"column":22},"end":{"line":29,"column":3}},"line":27},"4":{"name":"(anonymous_4)","decl":{"start":{"line":31,"column":2},"end":{"line":31,"column":3}},"loc":{"start":{"line":31,"column":25},"end":{"line":33,"column":3}},"line":31},"5":{"name":"(anonymous_5)","decl":{"start":{"line":35,"column":11},"end":{"line":35,"column":12}},"loc":{"start":{"line":35,"column":16},"end":{"line":39,"column":3}},"line":35}},"branchMap":{"0":{"loc":{"start":{"line":38,"column":4},"end":{"line":38,"column":50}},"type":"if","locations":[{"start":{"line":38,"column":4},"end":{"line":38,"column":50}},{"start":{"line":38,"column":4},"end":{"line":38,"column":50}}],"line":38}},"s":{"0":4,"1":4,"2":4,"3":5,"4":5,"5":4,"6":0,"7":0,"8":0,"9":0,"10":0},"f":{"0":4,"1":4,"2":5,"3":4,"4":0,"5":0},"b":{"0":[0,0]},"_coverageSchema":"332fd63041d2c1bcb487cc26dd0d5f7d97098a6c","hash":"b0f33b75708bf7398a050b5b185f9955d661b299"}
,"/Users/chchen/Octopus/web-octopus/components/widget/Select.js": {"path":"/Users/chchen/Octopus/web-octopus/components/widget/Select.js","statementMap":{"0":{"start":{"line":13,"column":4},"end":{"line":13,"column":12}},"1":{"start":{"line":14,"column":4},"end":{"line":18,"column":6}},"2":{"start":{"line":22,"column":4},"end":{"line":22,"column":68}},"3":{"start":{"line":28,"column":4},"end":{"line":28,"column":64}},"4":{"start":{"line":32,"column":4},"end":{"line":32,"column":50}},"5":{"start":{"line":36,"column":4},"end":{"line":36,"column":94}},"6":{"start":{"line":40,"column":4},"end":{"line":44,"column":6}},"7":{"start":{"line":41,"column":6},"end":{"line":43,"column":11}},"8":{"start":{"line":41,"column":67},"end":{"line":41,"column":87}},"9":{"start":{"line":48,"column":4},"end":{"line":48,"column":73}},"10":{"start":{"line":49,"column":4},"end":{"line":49,"column":53}},"11":{"start":{"line":53,"column":4},"end":{"line":65,"column":6}}},"fnMap":{"0":{"name":"(anonymous_0)","decl":{"start":{"line":12,"column":2},"end":{"line":12,"column":3}},"loc":{"start":{"line":12,"column":16},"end":{"line":19,"column":3}},"line":12},"1":{"name":"(anonymous_1)","decl":{"start":{"line":21,"column":2},"end":{"line":21,"column":3}},"loc":{"start":{"line":21,"column":22},"end":{"line":23,"column":3}},"line":21},"2":{"name":"(anonymous_2)","decl":{"start":{"line":25,"column":2},"end":{"line":25,"column":3}},"loc":{"start":{"line":25,"column":23},"end":{"line":25,"column":25}},"line":25},"3":{"name":"(anonymous_3)","decl":{"start":{"line":27,"column":2},"end":{"line":27,"column":3}},"loc":{"start":{"line":27,"column":38},"end":{"line":29,"column":3}},"line":27},"4":{"name":"(anonymous_4)","decl":{"start":{"line":31,"column":2},"end":{"line":31,"column":3}},"loc":{"start":{"line":31,"column":15},"end":{"line":33,"column":3}},"line":31},"5":{"name":"(anonymous_5)","decl":{"start":{"line":35,"column":2},"end":{"line":35,"column":3}},"loc":{"start":{"line":35,"column":22},"end":{"line":37,"column":3}},"line":35},"6":{"name":"(anonymous_6)","decl":{"start":{"line":39,"column":2},"end":{"line":39,"column":3}},"loc":{"start":{"line":39,"column":16},"end":{"line":45,"column":3}},"line":39},"7":{"name":"(anonymous_7)","decl":{"start":{"line":40,"column":32},"end":{"line":40,"column":33}},"loc":{"start":{"line":41,"column":6},"end":{"line":43,"column":11}},"line":41},"8":{"name":"(anonymous_8)","decl":{"start":{"line":41,"column":61},"end":{"line":41,"column":62}},"loc":{"start":{"line":41,"column":67},"end":{"line":41,"column":87}},"line":41},"9":{"name":"(anonymous_9)","decl":{"start":{"line":47,"column":2},"end":{"line":47,"column":3}},"loc":{"start":{"line":47,"column":18},"end":{"line":50,"column":3}},"line":47},"10":{"name":"(anonymous_10)","decl":{"start":{"line":52,"column":2},"end":{"line":52,"column":3}},"loc":{"start":{"line":52,"column":11},"end":{"line":66,"column":3}},"line":52}},"branchMap":{"0":{"loc":{"start":{"line":22,"column":4},"end":{"line":22,"column":67}},"type":"binary-expr","locations":[{"start":{"line":22,"column":4},"end":{"line":22,"column":26}},{"start":{"line":22,"column":30},"end":{"line":22,"column":67}}],"line":22},"1":{"loc":{"start":{"line":28,"column":4},"end":{"line":28,"column":63}},"type":"binary-expr","locations":[{"start":{"line":28,"column":4},"end":{"line":28,"column":24}},{"start":{"line":28,"column":28},"end":{"line":28,"column":63}}],"line":28},"2":{"loc":{"start":{"line":36,"column":26},"end":{"line":36,"column":91}},"type":"cond-expr","locations":[{"start":{"line":36,"column":46},"end":{"line":36,"column":68}},{"start":{"line":36,"column":71},"end":{"line":36,"column":91}}],"line":36},"3":{"loc":{"start":{"line":49,"column":4},"end":{"line":49,"column":52}},"type":"binary-expr","locations":[{"start":{"line":49,"column":4},"end":{"line":49,"column":23}},{"start":{"line":49,"column":27},"end":{"line":49,"column":52}}],"line":49},"4":{"loc":{"start":{"line":61,"column":60},"end":{"line":61,"column":96}},"type":"cond-expr","locations":[{"start":{"line":61,"column":80},"end":{"line":61,"column":87}},{"start":{"line":61,"column":90},"end":{"line":61,"column":96}}],"line":61}},"s":{"0":2,"1":2,"2":2,"3":0,"4":0,"5":3,"6":3,"7":12,"8":0,"9":0,"10":0,"11":3},"f":{"0":2,"1":2,"2":1,"3":0,"4":0,"5":3,"6":3,"7":12,"8":0,"9":0,"10":3},"b":{"0":[2,1],"1":[0,0],"2":[0,3],"3":[0,0],"4":[0,3]},"_coverageSchema":"332fd63041d2c1bcb487cc26dd0d5f7d97098a6c","hash":"eafd54c5e3eea8e3abf5ebb27543ef45f748ff6c"}
,"/Users/chchen/Octopus/web-octopus/components/widget/Button/Button.js": {"path":"/Users/chchen/Octopus/web-octopus/components/widget/Button/Button.js","statementMap":{"0":{"start":{"line":12,"column":79},"end":{"line":12,"column":89}},"1":{"start":{"line":13,"column":4},"end":{"line":15,"column":13}},"2":{"start":{"line":19,"column":4},"end":{"line":19,"column":27}},"3":{"start":{"line":23,"column":4},"end":{"line":32,"column":6}}},"fnMap":{"0":{"name":"(anonymous_0)","decl":{"start":{"line":11,"column":2},"end":{"line":11,"column":3}},"loc":{"start":{"line":11,"column":19},"end":{"line":16,"column":3}},"line":11},"1":{"name":"(anonymous_1)","decl":{"start":{"line":18,"column":2},"end":{"line":18,"column":3}},"loc":{"start":{"line":18,"column":10},"end":{"line":20,"column":3}},"line":18},"2":{"name":"(anonymous_2)","decl":{"start":{"line":22,"column":2},"end":{"line":22,"column":3}},"loc":{"start":{"line":22,"column":11},"end":{"line":33,"column":3}},"line":22}},"branchMap":{"0":{"loc":{"start":{"line":12,"column":12},"end":{"line":12,"column":27}},"type":"default-arg","locations":[{"start":{"line":12,"column":19},"end":{"line":12,"column":27}}],"line":12},"1":{"loc":{"start":{"line":12,"column":29},"end":{"line":12,"column":50}},"type":"default-arg","locations":[{"start":{"line":12,"column":41},"end":{"line":12,"column":50}}],"line":12},"2":{"loc":{"start":{"line":12,"column":52},"end":{"line":12,"column":74}},"type":"default-arg","locations":[{"start":{"line":12,"column":65},"end":{"line":12,"column":74}}],"line":12},"3":{"loc":{"start":{"line":13,"column":63},"end":{"line":15,"column":10}},"type":"cond-expr","locations":[{"start":{"line":14,"column":8},"end":{"line":14,"column":34}},{"start":{"line":15,"column":8},"end":{"line":15,"column":10}}],"line":13}},"s":{"0":3,"1":3,"2":0,"3":3},"f":{"0":3,"1":0,"2":3},"b":{"0":[2],"1":[0],"2":[3],"3":[2,1]},"_coverageSchema":"332fd63041d2c1bcb487cc26dd0d5f7d97098a6c","hash":"caddae250c333e532ea787d9a60a52dda885bee0"}
,"/Users/chchen/Octopus/web-octopus/components/widget/CheckBox/CheckBox.js": {"path":"/Users/chchen/Octopus/web-octopus/components/widget/CheckBox/CheckBox.js","statementMap":{"0":{"start":{"line":6,"column":4},"end":{"line":6,"column":17}},"1":{"start":{"line":7,"column":4},"end":{"line":7,"column":40}},"2":{"start":{"line":8,"column":4},"end":{"line":8,"column":51}},"3":{"start":{"line":9,"column":4},"end":{"line":9,"column":45}},"4":{"start":{"line":19,"column":20},"end":{"line":19,"column":46}},"5":{"start":{"line":20,"column":4},"end":{"line":20,"column":27}},"6":{"start":{"line":21,"column":4},"end":{"line":21,"column":40}},"7":{"start":{"line":22,"column":4},"end":{"line":22,"column":56}},"8":{"start":{"line":26,"column":4},"end":{"line":40,"column":6}}},"fnMap":{"0":{"name":"(anonymous_0)","decl":{"start":{"line":5,"column":2},"end":{"line":5,"column":3}},"loc":{"start":{"line":5,"column":21},"end":{"line":10,"column":3}},"line":5},"1":{"name":"(anonymous_1)","decl":{"start":{"line":12,"column":2},"end":{"line":12,"column":3}},"loc":{"start":{"line":12,"column":23},"end":{"line":12,"column":25}},"line":12},"2":{"name":"(anonymous_2)","decl":{"start":{"line":18,"column":2},"end":{"line":18,"column":3}},"loc":{"start":{"line":18,"column":13},"end":{"line":23,"column":3}},"line":18},"3":{"name":"(anonymous_3)","decl":{"start":{"line":25,"column":2},"end":{"line":25,"column":3}},"loc":{"start":{"line":25,"column":11},"end":{"line":41,"column":3}},"line":25}},"branchMap":{"0":{"loc":{"start":{"line":22,"column":4},"end":{"line":22,"column":55}},"type":"binary-expr","locations":[{"start":{"line":22,"column":4},"end":{"line":22,"column":23}},{"start":{"line":22,"column":27},"end":{"line":22,"column":55}}],"line":22},"1":{"loc":{"start":{"line":35,"column":11},"end":{"line":37,"column":65}},"type":"cond-expr","locations":[{"start":{"line":36,"column":14},"end":{"line":36,"column":71}},{"start":{"line":37,"column":14},"end":{"line":37,"column":65}}],"line":35}},"s":{"0":1,"1":1,"2":1,"3":1,"4":0,"5":0,"6":0,"7":0,"8":1},"f":{"0":1,"1":1,"2":0,"3":1},"b":{"0":[0,0],"1":[1,0]},"_coverageSchema":"332fd63041d2c1bcb487cc26dd0d5f7d97098a6c","hash":"91b0403455fdba7f2d6ccf9feb0ab435af92d5f0"}
,"/Users/chchen/Octopus/web-octopus/components/widget/DropList/DropList.js": {"path":"/Users/chchen/Octopus/web-octopus/components/widget/DropList/DropList.js","statementMap":{"0":{"start":{"line":15,"column":20},"end":{"line":15,"column":31}},"1":{"start":{"line":16,"column":4},"end":{"line":18,"column":5}},"2":{"start":{"line":17,"column":6},"end":{"line":17,"column":46}},"3":{"start":{"line":19,"column":4},"end":{"line":19,"column":21}},"4":{"start":{"line":23,"column":4},"end":{"line":31,"column":5}},"5":{"start":{"line":24,"column":6},"end":{"line":28,"column":8}},"6":{"start":{"line":30,"column":6},"end":{"line":30,"column":28}}},"fnMap":{"0":{"name":"(anonymous_0)","decl":{"start":{"line":8,"column":2},"end":{"line":8,"column":3}},"loc":{"start":{"line":8,"column":22},"end":{"line":8,"column":24}},"line":8},"1":{"name":"(anonymous_1)","decl":{"start":{"line":10,"column":2},"end":{"line":10,"column":3}},"loc":{"start":{"line":10,"column":23},"end":{"line":10,"column":25}},"line":10},"2":{"name":"(anonymous_2)","decl":{"start":{"line":12,"column":2},"end":{"line":12,"column":3}},"loc":{"start":{"line":12,"column":15},"end":{"line":12,"column":17}},"line":12},"3":{"name":"(anonymous_3)","decl":{"start":{"line":14,"column":2},"end":{"line":14,"column":3}},"loc":{"start":{"line":14,"column":19},"end":{"line":20,"column":3}},"line":14},"4":{"name":"(anonymous_4)","decl":{"start":{"line":22,"column":2},"end":{"line":22,"column":3}},"loc":{"start":{"line":22,"column":11},"end":{"line":32,"column":3}},"line":22}},"branchMap":{"0":{"loc":{"start":{"line":16,"column":4},"end":{"line":18,"column":5}},"type":"if","locations":[{"start":{"line":16,"column":4},"end":{"line":18,"column":5}},{"start":{"line":16,"column":4},"end":{"line":18,"column":5}}],"line":16},"1":{"loc":{"start":{"line":23,"column":4},"end":{"line":31,"column":5}},"type":"if","locations":[{"start":{"line":23,"column":4},"end":{"line":31,"column":5}},{"start":{"line":23,"column":4},"end":{"line":31,"column":5}}],"line":23}},"s":{"0":1,"1":1,"2":0,"3":1,"4":4,"5":1,"6":3},"f":{"0":3,"1":1,"2":0,"3":1,"4":4},"b":{"0":[0,1],"1":[1,3]},"_coverageSchema":"332fd63041d2c1bcb487cc26dd0d5f7d97098a6c","hash":"e2ced71806c7b7258670bab724b84ffae0303922"}
,"/Users/chchen/Octopus/web-octopus/components/widget/Modal/Modal.js": {"path":"/Users/chchen/Octopus/web-octopus/components/widget/Modal/Modal.js","statementMap":{"0":{"start":{"line":24,"column":4},"end":{"line":24,"column":12}},"1":{"start":{"line":25,"column":4},"end":{"line":25,"column":33}},"2":{"start":{"line":29,"column":4},"end":{"line":29,"column":46}},"3":{"start":{"line":30,"column":4},"end":{"line":30,"column":41}},"4":{"start":{"line":31,"column":4},"end":{"line":31,"column":34}},"5":{"start":{"line":35,"column":4},"end":{"line":35,"column":49}},"6":{"start":{"line":36,"column":4},"end":{"line":36,"column":47}},"7":{"start":{"line":37,"column":4},"end":{"line":39,"column":5}},"8":{"start":{"line":38,"column":6},"end":{"line":38,"column":43}},"9":{"start":{"line":40,"column":4},"end":{"line":40,"column":60}},"10":{"start":{"line":44,"column":4},"end":{"line":52,"column":5}},"11":{"start":{"line":45,"column":6},"end":{"line":48,"column":7}},"12":{"start":{"line":46,"column":8},"end":{"line":46,"column":45}},"13":{"start":{"line":47,"column":8},"end":{"line":47,"column":36}},"14":{"start":{"line":49,"column":6},"end":{"line":49,"column":59}},"15":{"start":{"line":51,"column":6},"end":{"line":51,"column":62}},"16":{"start":{"line":53,"column":4},"end":{"line":53,"column":59}},"17":{"start":{"line":57,"column":4},"end":{"line":57,"column":32}},"18":{"start":{"line":61,"column":4},"end":{"line":61,"column":26}}},"fnMap":{"0":{"name":"(anonymous_0)","decl":{"start":{"line":23,"column":2},"end":{"line":23,"column":3}},"loc":{"start":{"line":23,"column":16},"end":{"line":26,"column":3}},"line":23},"1":{"name":"(anonymous_1)","decl":{"start":{"line":28,"column":2},"end":{"line":28,"column":3}},"loc":{"start":{"line":28,"column":22},"end":{"line":32,"column":3}},"line":28},"2":{"name":"(anonymous_2)","decl":{"start":{"line":34,"column":2},"end":{"line":34,"column":3}},"loc":{"start":{"line":34,"column":25},"end":{"line":41,"column":3}},"line":34},"3":{"name":"(anonymous_3)","decl":{"start":{"line":43,"column":2},"end":{"line":43,"column":3}},"loc":{"start":{"line":43,"column":22},"end":{"line":54,"column":3}},"line":43},"4":{"name":"(anonymous_4)","decl":{"start":{"line":56,"column":2},"end":{"line":56,"column":3}},"loc":{"start":{"line":56,"column":38},"end":{"line":58,"column":3}},"line":56},"5":{"name":"(anonymous_5)","decl":{"start":{"line":60,"column":2},"end":{"line":60,"column":3}},"loc":{"start":{"line":60,"column":11},"end":{"line":62,"column":3}},"line":60}},"branchMap":{"0":{"loc":{"start":{"line":37,"column":4},"end":{"line":39,"column":5}},"type":"if","locations":[{"start":{"line":37,"column":4},"end":{"line":39,"column":5}},{"start":{"line":37,"column":4},"end":{"line":39,"column":5}}],"line":37},"1":{"loc":{"start":{"line":44,"column":4},"end":{"line":52,"column":5}},"type":"if","locations":[{"start":{"line":44,"column":4},"end":{"line":52,"column":5}},{"start":{"line":44,"column":4},"end":{"line":52,"column":5}}],"line":44},"2":{"loc":{"start":{"line":45,"column":6},"end":{"line":48,"column":7}},"type":"if","locations":[{"start":{"line":45,"column":6},"end":{"line":48,"column":7}},{"start":{"line":45,"column":6},"end":{"line":48,"column":7}}],"line":45}},"s":{"0":3,"1":3,"2":3,"3":3,"4":3,"5":0,"6":0,"7":0,"8":0,"9":0,"10":6,"11":0,"12":0,"13":0,"14":0,"15":6,"16":6,"17":3,"18":6},"f":{"0":3,"1":3,"2":0,"3":6,"4":3,"5":6},"b":{"0":[0,0],"1":[0,6],"2":[0,0]},"_coverageSchema":"332fd63041d2c1bcb487cc26dd0d5f7d97098a6c","hash":"4a8d851159ea83ba56e06b614e821981f5ed4d56"}
,"/Users/chchen/Octopus/web-octopus/components/widget/Modal/ModalPortal.js": {"path":"/Users/chchen/Octopus/web-octopus/components/widget/Modal/ModalPortal.js","statementMap":{"0":{"start":{"line":5,"column":10},"end":{"line":5,"column":17}},"1":{"start":{"line":7,"column":18},"end":{"line":18,"column":1}},"2":{"start":{"line":27,"column":4},"end":{"line":27,"column":17}},"3":{"start":{"line":28,"column":4},"end":{"line":28,"column":57}},"4":{"start":{"line":29,"column":4},"end":{"line":29,"column":57}},"5":{"start":{"line":33,"column":4},"end":{"line":37,"column":5}},"6":{"start":{"line":34,"column":6},"end":{"line":34,"column":22}},"7":{"start":{"line":35,"column":6},"end":{"line":35,"column":41}},"8":{"start":{"line":36,"column":6},"end":{"line":36,"column":26}},"9":{"start":{"line":38,"column":4},"end":{"line":40,"column":5}},"10":{"start":{"line":39,"column":6},"end":{"line":39,"column":42}},"11":{"start":{"line":44,"column":4},"end":{"line":44,"column":30}},"12":{"start":{"line":48,"column":4},"end":{"line":51,"column":5}},"13":{"start":{"line":49,"column":6},"end":{"line":49,"column":29}},"14":{"start":{"line":50,"column":6},"end":{"line":50,"column":31}},"15":{"start":{"line":55,"column":4},"end":{"line":55,"column":27}},"16":{"start":{"line":56,"column":4},"end":{"line":56,"column":24}},"17":{"start":{"line":60,"column":4},"end":{"line":60,"column":27}},"18":{"start":{"line":61,"column":4},"end":{"line":61,"column":28}},"19":{"start":{"line":65,"column":4},"end":{"line":65,"column":41}},"20":{"start":{"line":66,"column":4},"end":{"line":66,"column":23}},"21":{"start":{"line":67,"column":4},"end":{"line":67,"column":43}},"22":{"start":{"line":68,"column":4},"end":{"line":68,"column":42}},"23":{"start":{"line":72,"column":20},"end":{"line":72,"column":43}},"24":{"start":{"line":73,"column":4},"end":{"line":75,"column":5}},"25":{"start":{"line":74,"column":6},"end":{"line":74,"column":50}},"26":{"start":{"line":76,"column":4},"end":{"line":78,"column":5}},"27":{"start":{"line":77,"column":6},"end":{"line":77,"column":48}},"28":{"start":{"line":79,"column":4},"end":{"line":79,"column":65}},"29":{"start":{"line":83,"column":4},"end":{"line":101,"column":5}},"30":{"start":{"line":84,"column":6},"end":{"line":100,"column":8}},"31":{"start":{"line":102,"column":4},"end":{"line":102,"column":26}}},"fnMap":{"0":{"name":"(anonymous_0)","decl":{"start":{"line":26,"column":2},"end":{"line":26,"column":3}},"loc":{"start":{"line":26,"column":21},"end":{"line":30,"column":3}},"line":26},"1":{"name":"(anonymous_1)","decl":{"start":{"line":32,"column":2},"end":{"line":32,"column":3}},"loc":{"start":{"line":32,"column":44},"end":{"line":41,"column":3}},"line":32},"2":{"name":"(anonymous_2)","decl":{"start":{"line":43,"column":2},"end":{"line":43,"column":3}},"loc":{"start":{"line":43,"column":17},"end":{"line":45,"column":3}},"line":43},"3":{"name":"(anonymous_3)","decl":{"start":{"line":47,"column":2},"end":{"line":47,"column":3}},"loc":{"start":{"line":47,"column":23},"end":{"line":52,"column":3}},"line":47},"4":{"name":"(anonymous_4)","decl":{"start":{"line":54,"column":2},"end":{"line":54,"column":3}},"loc":{"start":{"line":54,"column":24},"end":{"line":57,"column":3}},"line":54},"5":{"name":"(anonymous_5)","decl":{"start":{"line":59,"column":2},"end":{"line":59,"column":3}},"loc":{"start":{"line":59,"column":24},"end":{"line":62,"column":3}},"line":59},"6":{"name":"(anonymous_6)","decl":{"start":{"line":64,"column":2},"end":{"line":64,"column":3}},"loc":{"start":{"line":64,"column":23},"end":{"line":69,"column":3}},"line":64},"7":{"name":"(anonymous_7)","decl":{"start":{"line":71,"column":2},"end":{"line":71,"column":3}},"loc":{"start":{"line":71,"column":36},"end":{"line":80,"column":3}},"line":71},"8":{"name":"(anonymous_8)","decl":{"start":{"line":82,"column":2},"end":{"line":82,"column":3}},"loc":{"start":{"line":82,"column":11},"end":{"line":103,"column":3}},"line":82}},"branchMap":{"0":{"loc":{"start":{"line":33,"column":4},"end":{"line":37,"column":5}},"type":"if","locations":[{"start":{"line":33,"column":4},"end":{"line":37,"column":5}},{"start":{"line":33,"column":4},"end":{"line":37,"column":5}}],"line":33},"1":{"loc":{"start":{"line":33,"column":8},"end":{"line":33,"column":73}},"type":"binary-expr","locations":[{"start":{"line":33,"column":8},"end":{"line":33,"column":32}},{"start":{"line":33,"column":36},"end":{"line":33,"column":73}}],"line":33},"2":{"loc":{"start":{"line":38,"column":4},"end":{"line":40,"column":5}},"type":"if","locations":[{"start":{"line":38,"column":4},"end":{"line":40,"column":5}},{"start":{"line":38,"column":4},"end":{"line":40,"column":5}}],"line":38},"3":{"loc":{"start":{"line":38,"column":8},"end":{"line":38,"column":74}},"type":"binary-expr","locations":[{"start":{"line":38,"column":8},"end":{"line":38,"column":33}},{"start":{"line":38,"column":37},"end":{"line":38,"column":74}}],"line":38},"4":{"loc":{"start":{"line":48,"column":4},"end":{"line":51,"column":5}},"type":"if","locations":[{"start":{"line":48,"column":4},"end":{"line":51,"column":5}},{"start":{"line":48,"column":4},"end":{"line":51,"column":5}}],"line":48},"5":{"loc":{"start":{"line":67,"column":4},"end":{"line":67,"column":42}},"type":"binary-expr","locations":[{"start":{"line":67,"column":4},"end":{"line":67,"column":20}},{"start":{"line":67,"column":24},"end":{"line":67,"column":42}}],"line":67},"6":{"loc":{"start":{"line":73,"column":4},"end":{"line":75,"column":5}},"type":"if","locations":[{"start":{"line":73,"column":4},"end":{"line":75,"column":5}},{"start":{"line":73,"column":4},"end":{"line":75,"column":5}}],"line":73},"7":{"loc":{"start":{"line":76,"column":4},"end":{"line":78,"column":5}},"type":"if","locations":[{"start":{"line":76,"column":4},"end":{"line":78,"column":5}},{"start":{"line":76,"column":4},"end":{"line":78,"column":5}}],"line":76},"8":{"loc":{"start":{"line":79,"column":11},"end":{"line":79,"column":64}},"type":"cond-expr","locations":[{"start":{"line":79,"column":24},"end":{"line":79,"column":52}},{"start":{"line":79,"column":55},"end":{"line":79,"column":64}}],"line":79},"9":{"loc":{"start":{"line":83,"column":4},"end":{"line":101,"column":5}},"type":"if","locations":[{"start":{"line":83,"column":4},"end":{"line":101,"column":5}},{"start":{"line":83,"column":4},"end":{"line":101,"column":5}}],"line":83}},"s":{"0":3,"1":3,"2":3,"3":3,"4":3,"5":3,"6":0,"7":0,"8":0,"9":3,"10":0,"11":0,"12":0,"13":0,"14":0,"15":0,"16":0,"17":0,"18":0,"19":0,"20":0,"21":0,"22":0,"23":0,"24":0,"25":0,"26":0,"27":0,"28":0,"29":6,"30":0,"31":6},"f":{"0":3,"1":3,"2":0,"3":0,"4":0,"5":0,"6":0,"7":0,"8":6},"b":{"0":[0,3],"1":[3,0],"2":[0,3],"3":[3,3],"4":[0,0],"5":[0,0],"6":[0,0],"7":[0,0],"8":[0,0],"9":[0,6]},"_coverageSchema":"332fd63041d2c1bcb487cc26dd0d5f7d97098a6c","hash":"5e83550b2a0993aa7e0a5764d8ef6a2defaf3901"}
,"/Users/chchen/Octopus/web-octopus/components/widget/StarCheckBox/StarCheckBox.js": {"path":"/Users/chchen/Octopus/web-octopus/components/widget/StarCheckBox/StarCheckBox.js","statementMap":{"0":{"start":{"line":7,"column":4},"end":{"line":7,"column":17}},"1":{"start":{"line":8,"column":4},"end":{"line":8,"column":40}},"2":{"start":{"line":9,"column":4},"end":{"line":9,"column":51}},"3":{"start":{"line":10,"column":4},"end":{"line":10,"column":45}},"4":{"start":{"line":20,"column":20},"end":{"line":20,"column":46}},"5":{"start":{"line":21,"column":4},"end":{"line":21,"column":27}},"6":{"start":{"line":22,"column":4},"end":{"line":22,"column":40}},"7":{"start":{"line":23,"column":4},"end":{"line":23,"column":56}},"8":{"start":{"line":27,"column":4},"end":{"line":41,"column":6}}},"fnMap":{"0":{"name":"(anonymous_0)","decl":{"start":{"line":6,"column":2},"end":{"line":6,"column":3}},"loc":{"start":{"line":6,"column":21},"end":{"line":11,"column":3}},"line":6},"1":{"name":"(anonymous_1)","decl":{"start":{"line":13,"column":2},"end":{"line":13,"column":3}},"loc":{"start":{"line":13,"column":23},"end":{"line":13,"column":25}},"line":13},"2":{"name":"(anonymous_2)","decl":{"start":{"line":19,"column":2},"end":{"line":19,"column":3}},"loc":{"start":{"line":19,"column":13},"end":{"line":24,"column":3}},"line":19},"3":{"name":"(anonymous_3)","decl":{"start":{"line":26,"column":2},"end":{"line":26,"column":3}},"loc":{"start":{"line":26,"column":11},"end":{"line":42,"column":3}},"line":26}},"branchMap":{"0":{"loc":{"start":{"line":23,"column":4},"end":{"line":23,"column":55}},"type":"binary-expr","locations":[{"start":{"line":23,"column":4},"end":{"line":23,"column":23}},{"start":{"line":23,"column":27},"end":{"line":23,"column":55}}],"line":23},"1":{"loc":{"start":{"line":36,"column":11},"end":{"line":38,"column":61}},"type":"cond-expr","locations":[{"start":{"line":37,"column":14},"end":{"line":37,"column":63}},{"start":{"line":38,"column":14},"end":{"line":38,"column":61}}],"line":36}},"s":{"0":1,"1":1,"2":1,"3":1,"4":0,"5":0,"6":0,"7":0,"8":1},"f":{"0":1,"1":1,"2":0,"3":1},"b":{"0":[0,0],"1":[0,1]},"_coverageSchema":"332fd63041d2c1bcb487cc26dd0d5f7d97098a6c","hash":"82afc636b7adb5efa9fccbf5f214fc04daf59272"}
,"/Users/chchen/Octopus/web-octopus/epic/auth.epic.js": {"path":"/Users/chchen/Octopus/web-octopus/epic/auth.epic.js","statementMap":{"0":{"start":{"line":14,"column":32},"end":{"line":23,"column":4}},"1":{"start":{"line":15,"column":2},"end":{"line":23,"column":4}},"2":{"start":{"line":16,"column":4},"end":{"line":18,"column":5}},"3":{"start":{"line":17,"column":6},"end":{"line":17,"column":82}},"4":{"start":{"line":19,"column":4},"end":{"line":22,"column":39}},"5":{"start":{"line":25,"column":29},"end":{"line":39,"column":3}},"6":{"start":{"line":26,"column":2},"end":{"line":39,"column":3}},"7":{"start":{"line":27,"column":4},"end":{"line":38,"column":8}},"8":{"start":{"line":30,"column":8},"end":{"line":30,"column":31}},"9":{"start":{"line":31,"column":8},"end":{"line":31,"column":47}},"10":{"start":{"line":34,"column":8},"end":{"line":36,"column":9}},"11":{"start":{"line":35,"column":10},"end":{"line":35,"column":71}},"12":{"start":{"line":37,"column":8},"end":{"line":37,"column":52}},"13":{"start":{"line":41,"column":30},"end":{"line":51,"column":3}},"14":{"start":{"line":42,"column":2},"end":{"line":51,"column":3}},"15":{"start":{"line":43,"column":4},"end":{"line":50,"column":5}},"16":{"start":{"line":46,"column":10},"end":{"line":46,"column":26}},"17":{"start":{"line":47,"column":10},"end":{"line":47,"column":42}}},"fnMap":{"0":{"name":"(anonymous_0)","decl":{"start":{"line":14,"column":32},"end":{"line":14,"column":33}},"loc":{"start":{"line":15,"column":2},"end":{"line":23,"column":4}},"line":15},"1":{"name":"(anonymous_1)","decl":{"start":{"line":15,"column":52},"end":{"line":15,"column":53}},"loc":{"start":{"line":15,"column":62},"end":{"line":23,"column":3}},"line":15},"2":{"name":"(anonymous_2)","decl":{"start":{"line":25,"column":29},"end":{"line":25,"column":30}},"loc":{"start":{"line":26,"column":2},"end":{"line":39,"column":3}},"line":26},"3":{"name":"(anonymous_3)","decl":{"start":{"line":26,"column":49},"end":{"line":26,"column":50}},"loc":{"start":{"line":27,"column":4},"end":{"line":38,"column":8}},"line":27},"4":{"name":"(anonymous_4)","decl":{"start":{"line":29,"column":12},"end":{"line":29,"column":13}},"loc":{"start":{"line":29,"column":24},"end":{"line":32,"column":7}},"line":29},"5":{"name":"(anonymous_5)","decl":{"start":{"line":33,"column":13},"end":{"line":33,"column":14}},"loc":{"start":{"line":33,"column":22},"end":{"line":38,"column":7}},"line":33},"6":{"name":"(anonymous_6)","decl":{"start":{"line":41,"column":30},"end":{"line":41,"column":31}},"loc":{"start":{"line":42,"column":2},"end":{"line":51,"column":3}},"line":42},"7":{"name":"(anonymous_7)","decl":{"start":{"line":42,"column":50},"end":{"line":42,"column":51}},"loc":{"start":{"line":43,"column":4},"end":{"line":50,"column":5}},"line":43},"8":{"name":"(anonymous_8)","decl":{"start":{"line":45,"column":14},"end":{"line":45,"column":15}},"loc":{"start":{"line":45,"column":20},"end":{"line":48,"column":9}},"line":45}},"branchMap":{"0":{"loc":{"start":{"line":16,"column":4},"end":{"line":18,"column":5}},"type":"if","locations":[{"start":{"line":16,"column":4},"end":{"line":18,"column":5}},{"start":{"line":16,"column":4},"end":{"line":18,"column":5}}],"line":16},"1":{"loc":{"start":{"line":34,"column":8},"end":{"line":36,"column":9}},"type":"if","locations":[{"start":{"line":34,"column":8},"end":{"line":36,"column":9}},{"start":{"line":34,"column":8},"end":{"line":36,"column":9}}],"line":34}},"s":{"0":1,"1":2,"2":1,"3":0,"4":1,"5":1,"6":2,"7":0,"8":0,"9":0,"10":0,"11":0,"12":0,"13":1,"14":0,"15":0,"16":0,"17":0},"f":{"0":2,"1":1,"2":2,"3":0,"4":0,"5":0,"6":0,"7":0,"8":0},"b":{"0":[0,1],"1":[0,0]},"_coverageSchema":"332fd63041d2c1bcb487cc26dd0d5f7d97098a6c","hash":"89c9ce94846e517c424f77d87a9c089fd4342429"}
,"/Users/chchen/Octopus/web-octopus/page/Nav/Nav.js": {"path":"/Users/chchen/Octopus/web-octopus/page/Nav/Nav.js","statementMap":{"0":{"start":{"line":10,"column":25},"end":{"line":10,"column":27}},"1":{"start":{"line":16,"column":4},"end":{"line":16,"column":12}},"2":{"start":{"line":17,"column":4},"end":{"line":17,"column":43}},"3":{"start":{"line":21,"column":4},"end":{"line":25,"column":5}},"4":{"start":{"line":22,"column":6},"end":{"line":24,"column":8}},"5":{"start":{"line":23,"column":8},"end":{"line":23,"column":49}},"6":{"start":{"line":29,"column":4},"end":{"line":50,"column":6}},"7":{"start":{"line":54,"column":4},"end":{"line":56,"column":5}},"8":{"start":{"line":55,"column":6},"end":{"line":55,"column":18}},"9":{"start":{"line":57,"column":21},"end":{"line":57,"column":52}},"10":{"start":{"line":58,"column":4},"end":{"line":86,"column":6}},"11":{"start":{"line":62,"column":10},"end":{"line":62,"column":80}},"12":{"start":{"line":90,"column":21},"end":{"line":90,"column":31}},"13":{"start":{"line":91,"column":23},"end":{"line":91,"column":44}},"14":{"start":{"line":92,"column":4},"end":{"line":105,"column":11}},"15":{"start":{"line":97,"column":25},"end":{"line":97,"column":86}},"16":{"start":{"line":104,"column":25},"end":{"line":104,"column":86}}},"fnMap":{"0":{"name":"(anonymous_0)","decl":{"start":{"line":15,"column":2},"end":{"line":15,"column":3}},"loc":{"start":{"line":15,"column":16},"end":{"line":18,"column":3}},"line":15},"1":{"name":"(anonymous_1)","decl":{"start":{"line":20,"column":2},"end":{"line":20,"column":3}},"loc":{"start":{"line":20,"column":23},"end":{"line":26,"column":3}},"line":20},"2":{"name":"(anonymous_2)","decl":{"start":{"line":22,"column":32},"end":{"line":22,"column":33}},"loc":{"start":{"line":22,"column":38},"end":{"line":24,"column":7}},"line":22},"3":{"name":"(anonymous_3)","decl":{"start":{"line":28,"column":2},"end":{"line":28,"column":3}},"loc":{"start":{"line":28,"column":11},"end":{"line":51,"column":3}},"line":28},"4":{"name":"(anonymous_4)","decl":{"start":{"line":53,"column":2},"end":{"line":53,"column":3}},"loc":{"start":{"line":53,"column":18},"end":{"line":87,"column":3}},"line":53},"5":{"name":"(anonymous_5)","decl":{"start":{"line":61,"column":24},"end":{"line":61,"column":25}},"loc":{"start":{"line":61,"column":30},"end":{"line":63,"column":9}},"line":61},"6":{"name":"(anonymous_6)","decl":{"start":{"line":89,"column":2},"end":{"line":89,"column":3}},"loc":{"start":{"line":89,"column":17},"end":{"line":106,"column":3}},"line":89},"7":{"name":"(anonymous_7)","decl":{"start":{"line":97,"column":19},"end":{"line":97,"column":20}},"loc":{"start":{"line":97,"column":25},"end":{"line":97,"column":86}},"line":97},"8":{"name":"(anonymous_8)","decl":{"start":{"line":104,"column":19},"end":{"line":104,"column":20}},"loc":{"start":{"line":104,"column":25},"end":{"line":104,"column":86}},"line":104}},"branchMap":{"0":{"loc":{"start":{"line":21,"column":4},"end":{"line":25,"column":5}},"type":"if","locations":[{"start":{"line":21,"column":4},"end":{"line":25,"column":5}},{"start":{"line":21,"column":4},"end":{"line":25,"column":5}}],"line":21},"1":{"loc":{"start":{"line":21,"column":8},"end":{"line":21,"column":49}},"type":"binary-expr","locations":[{"start":{"line":21,"column":8},"end":{"line":21,"column":23}},{"start":{"line":21,"column":27},"end":{"line":21,"column":49}}],"line":21},"2":{"loc":{"start":{"line":54,"column":4},"end":{"line":56,"column":5}},"type":"if","locations":[{"start":{"line":54,"column":4},"end":{"line":56,"column":5}},{"start":{"line":54,"column":4},"end":{"line":56,"column":5}}],"line":54},"3":{"loc":{"start":{"line":62,"column":10},"end":{"line":62,"column":79}},"type":"binary-expr","locations":[{"start":{"line":62,"column":10},"end":{"line":62,"column":35}},{"start":{"line":62,"column":39},"end":{"line":62,"column":79}}],"line":62},"4":{"loc":{"start":{"line":92,"column":11},"end":{"line":105,"column":10}},"type":"cond-expr","locations":[{"start":{"line":93,"column":8},"end":{"line":98,"column":10}},{"start":{"line":99,"column":8},"end":{"line":105,"column":10}}],"line":92}},"s":{"0":1,"1":2,"2":2,"3":1,"4":1,"5":0,"6":3,"7":3,"8":0,"9":3,"10":3,"11":0,"12":3,"13":3,"14":3,"15":0,"16":1},"f":{"0":2,"1":1,"2":0,"3":3,"4":3,"5":0,"6":3,"7":0,"8":1},"b":{"0":[1,0],"1":[1,1],"2":[0,3],"3":[0,0],"4":[0,3]},"_coverageSchema":"332fd63041d2c1bcb487cc26dd0d5f7d97098a6c","hash":"ffcea62a84c5b80ba183bb5335bd65024dce1946"}
,"/Users/chchen/Octopus/web-octopus/page/Todo/constants.js": {"path":"/Users/chchen/Octopus/web-octopus/page/Todo/constants.js","statementMap":{"0":{"start":{"line":1,"column":27},"end":{"line":6,"column":1}}},"fnMap":{},"branchMap":{},"s":{"0":2},"f":{},"b":{},"_coverageSchema":"332fd63041d2c1bcb487cc26dd0d5f7d97098a6c","hash":"a63489e281ebdea818e5a6b6cc8f2f4d8195a1dd"}
,"/Users/chchen/Octopus/web-octopus/page/Todo/Todo/Todo.js": {"path":"/Users/chchen/Octopus/web-octopus/page/Todo/Todo/Todo.js","statementMap":{"0":{"start":{"line":16,"column":23},"end":{"line":16,"column":25}},"1":{"start":{"line":22,"column":4},"end":{"line":22,"column":12}},"2":{"start":{"line":23,"column":4},"end":{"line":23,"column":57}},"3":{"start":{"line":24,"column":4},"end":{"line":24,"column":69}},"4":{"start":{"line":25,"column":4},"end":{"line":25,"column":49}},"5":{"start":{"line":26,"column":4},"end":{"line":26,"column":49}},"6":{"start":{"line":27,"column":4},"end":{"line":27,"column":49}},"7":{"start":{"line":28,"column":4},"end":{"line":28,"column":61}},"8":{"start":{"line":32,"column":4},"end":{"line":34,"column":6}},"9":{"start":{"line":38,"column":30},"end":{"line":38,"column":57}},"10":{"start":{"line":39,"column":4},"end":{"line":39,"column":59}},"11":{"start":{"line":40,"column":4},"end":{"line":40,"column":20}},"12":{"start":{"line":41,"column":4},"end":{"line":41,"column":76}},"13":{"start":{"line":42,"column":4},"end":{"line":42,"column":41}},"14":{"start":{"line":43,"column":4},"end":{"line":43,"column":23}},"15":{"start":{"line":44,"column":4},"end":{"line":44,"column":41}},"16":{"start":{"line":48,"column":30},"end":{"line":48,"column":57}},"17":{"start":{"line":49,"column":4},"end":{"line":49,"column":59}},"18":{"start":{"line":50,"column":4},"end":{"line":50,"column":20}},"19":{"start":{"line":51,"column":4},"end":{"line":51,"column":76}},"20":{"start":{"line":52,"column":4},"end":{"line":52,"column":23}},"21":{"start":{"line":53,"column":4},"end":{"line":53,"column":40}},"22":{"start":{"line":54,"column":4},"end":{"line":54,"column":41}},"23":{"start":{"line":58,"column":20},"end":{"line":58,"column":63}},"24":{"start":{"line":59,"column":4},"end":{"line":59,"column":41}},"25":{"start":{"line":60,"column":4},"end":{"line":60,"column":29}},"26":{"start":{"line":64,"column":21},"end":{"line":64,"column":31}},"27":{"start":{"line":65,"column":17},"end":{"line":68,"column":5}},"28":{"start":{"line":69,"column":4},"end":{"line":69,"column":44}},"29":{"start":{"line":73,"column":4},"end":{"line":73,"column":27}},"30":{"start":{"line":74,"column":4},"end":{"line":74,"column":60}},"31":{"start":{"line":78,"column":21},"end":{"line":78,"column":31}},"32":{"start":{"line":79,"column":4},"end":{"line":81,"column":7}},"33":{"start":{"line":85,"column":4},"end":{"line":85,"column":41}},"34":{"start":{"line":89,"column":4},"end":{"line":91,"column":5}},"35":{"start":{"line":90,"column":6},"end":{"line":90,"column":27}},"36":{"start":{"line":95,"column":4},"end":{"line":95,"column":67}},"37":{"start":{"line":96,"column":4},"end":{"line":96,"column":66}},"38":{"start":{"line":100,"column":4},"end":{"line":102,"column":5}},"39":{"start":{"line":101,"column":6},"end":{"line":101,"column":18}},"40":{"start":{"line":103,"column":4},"end":{"line":105,"column":5}},"41":{"start":{"line":104,"column":6},"end":{"line":104,"column":18}},"42":{"start":{"line":106,"column":4},"end":{"line":106,"column":17}},"43":{"start":{"line":110,"column":21},"end":{"line":110,"column":31}},"44":{"start":{"line":111,"column":4},"end":{"line":111,"column":47}},"45":{"start":{"line":113,"column":4},"end":{"line":193,"column":6}},"46":{"start":{"line":158,"column":18},"end":{"line":158,"column":55}},"47":{"start":{"line":177,"column":38},"end":{"line":177,"column":97}},"48":{"start":{"line":187,"column":38},"end":{"line":187,"column":79}}},"fnMap":{"0":{"name":"(anonymous_0)","decl":{"start":{"line":21,"column":2},"end":{"line":21,"column":3}},"loc":{"start":{"line":21,"column":16},"end":{"line":29,"column":3}},"line":21},"1":{"name":"(anonymous_1)","decl":{"start":{"line":31,"column":2},"end":{"line":31,"column":3}},"loc":{"start":{"line":31,"column":23},"end":{"line":35,"column":3}},"line":31},"2":{"name":"(anonymous_2)","decl":{"start":{"line":37,"column":2},"end":{"line":37,"column":3}},"loc":{"start":{"line":37,"column":24},"end":{"line":45,"column":3}},"line":37},"3":{"name":"(anonymous_3)","decl":{"start":{"line":47,"column":2},"end":{"line":47,"column":3}},"loc":{"start":{"line":47,"column":25},"end":{"line":55,"column":3}},"line":47},"4":{"name":"(anonymous_4)","decl":{"start":{"line":57,"column":2},"end":{"line":57,"column":3}},"loc":{"start":{"line":57,"column":22},"end":{"line":61,"column":3}},"line":57},"5":{"name":"(anonymous_5)","decl":{"start":{"line":63,"column":2},"end":{"line":63,"column":3}},"loc":{"start":{"line":63,"column":26},"end":{"line":70,"column":3}},"line":63},"6":{"name":"(anonymous_6)","decl":{"start":{"line":72,"column":2},"end":{"line":72,"column":3}},"loc":{"start":{"line":72,"column":26},"end":{"line":75,"column":3}},"line":72},"7":{"name":"(anonymous_7)","decl":{"start":{"line":77,"column":2},"end":{"line":77,"column":3}},"loc":{"start":{"line":77,"column":15},"end":{"line":82,"column":3}},"line":77},"8":{"name":"(anonymous_8)","decl":{"start":{"line":84,"column":2},"end":{"line":84,"column":3}},"loc":{"start":{"line":84,"column":22},"end":{"line":86,"column":3}},"line":84},"9":{"name":"(anonymous_9)","decl":{"start":{"line":88,"column":2},"end":{"line":88,"column":3}},"loc":{"start":{"line":88,"column":19},"end":{"line":92,"column":3}},"line":88},"10":{"name":"(anonymous_10)","decl":{"start":{"line":94,"column":2},"end":{"line":94,"column":3}},"loc":{"start":{"line":94,"column":25},"end":{"line":97,"column":3}},"line":94},"11":{"name":"(anonymous_11)","decl":{"start":{"line":99,"column":2},"end":{"line":99,"column":3}},"loc":{"start":{"line":99,"column":46},"end":{"line":107,"column":3}},"line":99},"12":{"name":"(anonymous_12)","decl":{"start":{"line":109,"column":2},"end":{"line":109,"column":3}},"loc":{"start":{"line":109,"column":11},"end":{"line":194,"column":3}},"line":109},"13":{"name":"(anonymous_13)","decl":{"start":{"line":157,"column":26},"end":{"line":157,"column":27}},"loc":{"start":{"line":157,"column":37},"end":{"line":159,"column":17}},"line":157},"14":{"name":"(anonymous_14)","decl":{"start":{"line":177,"column":30},"end":{"line":177,"column":31}},"loc":{"start":{"line":177,"column":38},"end":{"line":177,"column":97}},"line":177},"15":{"name":"(anonymous_15)","decl":{"start":{"line":187,"column":28},"end":{"line":187,"column":29}},"loc":{"start":{"line":187,"column":38},"end":{"line":187,"column":79}},"line":187}},"branchMap":{"0":{"loc":{"start":{"line":89,"column":4},"end":{"line":91,"column":5}},"type":"if","locations":[{"start":{"line":89,"column":4},"end":{"line":91,"column":5}},{"start":{"line":89,"column":4},"end":{"line":91,"column":5}}],"line":89},"1":{"loc":{"start":{"line":100,"column":4},"end":{"line":102,"column":5}},"type":"if","locations":[{"start":{"line":100,"column":4},"end":{"line":102,"column":5}},{"start":{"line":100,"column":4},"end":{"line":102,"column":5}}],"line":100},"2":{"loc":{"start":{"line":103,"column":4},"end":{"line":105,"column":5}},"type":"if","locations":[{"start":{"line":103,"column":4},"end":{"line":105,"column":5}},{"start":{"line":103,"column":4},"end":{"line":105,"column":5}}],"line":103},"3":{"loc":{"start":{"line":116,"column":28},"end":{"line":116,"column":64}},"type":"cond-expr","locations":[{"start":{"line":116,"column":52},"end":{"line":116,"column":59}},{"start":{"line":116,"column":62},"end":{"line":116,"column":64}}],"line":116},"4":{"loc":{"start":{"line":116,"column":67},"end":{"line":116,"column":93}},"type":"cond-expr","locations":[{"start":{"line":116,"column":81},"end":{"line":116,"column":88}},{"start":{"line":116,"column":91},"end":{"line":116,"column":93}}],"line":116},"5":{"loc":{"start":{"line":126,"column":32},"end":{"line":126,"column":73}},"type":"cond-expr","locations":[{"start":{"line":126,"column":57},"end":{"line":126,"column":64}},{"start":{"line":126,"column":67},"end":{"line":126,"column":73}}],"line":126},"6":{"loc":{"start":{"line":131,"column":15},"end":{"line":137,"column":22}},"type":"binary-expr","locations":[{"start":{"line":131,"column":15},"end":{"line":131,"column":35}},{"start":{"line":132,"column":16},"end":{"line":132,"column":38}},{"start":{"line":133,"column":16},"end":{"line":137,"column":22}}],"line":131},"7":{"loc":{"start":{"line":142,"column":32},"end":{"line":142,"column":72}},"type":"cond-expr","locations":[{"start":{"line":142,"column":56},"end":
[...]
,"/Users/chchen/Octopus/web-octopus/services/storage.js": {"path":"/Users/chchen/Octopus/web-octopus/services/storage.js","statementMap":{"0":{"start":{"line":3,"column":23},"end":{"line":16,"column":1}},"1":{"start":{"line":5,"column":4},"end":{"line":5,"column":44}},"2":{"start":{"line":8,"column":4},"end":{"line":8,"column":39}},"3":{"start":{"line":11,"column":4},"end":{"line":11,"column":51}},"4":{"start":{"line":14,"column":4},"end":{"line":14,"column":47}},"5":{"start":{"line":19,"column":18},"end":{"line":19,"column":46}},"6":{"start":{"line":20,"column":2},"end":{"line":20,"column":52}}},"fnMap":{"0":{"name":"storageImage","decl":{"start":{"line":18,"column":16},"end":{"line":18,"column":28}},"loc":{"start":{"line":18,"column":49},"end":{"line":21,"column":1}},"line":18}},"branchMap":{},"s":{"0":4,"1":13,"2":0,"3":0,"4":0,"5":0,"6":0},"f":{"0":0},"b":{},"_coverageSchema":"332fd63041d2c1bcb487cc26dd0d5f7d97098a6c","hash":"0a7a43b82d9cf250ac2218fddc8b0b2be1350688"}
,"/Users/chchen/Octopus/web-octopus/services/svg-icons.js": {"path":"/Users/chchen/Octopus/web-octopus/services/svg-icons.js","statementMap":{},"fnMap":{},"branchMap":{},"s":{},"f":{},"b":{},"_coverageSchema":"332fd63041d2c1bcb487cc26dd0d5f7d97098a6c","hash":"572e28a653b4ebdc3f1f26611e8a83a10450f541"}
,"/Users/chchen/Octopus/web-octopus/test/setup/localStorage.js": {"path":"/Users/chchen/Octopus/web-octopus/test/setup/localStorage.js","statementMap":{"0":{"start":{"line":1,"column":23},"end":{"line":20,"column":4}},"1":{"start":{"line":2,"column":14},"end":{"line":5,"column":3}},"2":{"start":{"line":6,"column":2},"end":{"line":19,"column":4}},"3":{"start":{"line":8,"column":6},"end":{"line":8,"column":24}},"4":{"start":{"line":11,"column":6},"end":{"line":11,"column":36}},"5":{"start":{"line":14,"column":6},"end":{"line":14,"column":17}},"6":{"start":{"line":17,"column":6},"end":{"line":17,"column":24}},"7":{"start":{"line":21,"column":0},"end":{"line":21,"column":75}}},"fnMap":{"0":{"name":"(anonymous_0)","decl":{"start":{"line":1,"column":24},"end":{"line":1,"column":25}},"loc":{"start":{"line":1,"column":35},"end":{"line":20,"column":1}},"line":1},"1":{"name":"(anonymous_1)","decl":{"start":{"line":7,"column":13},"end":{"line":7,"column":14}},"loc":{"start":{"line":7,"column":27},"end":{"line":9,"column":5}},"line":7},"2":{"name":"(anonymous_2)","decl":{"start":{"line":10,"column":13},"end":{"line":10,"column":14}},"loc":{"start":{"line":10,"column":34},"end":{"line":12,"column":5}},"line":10},"3":{"name":"(anonymous_3)","decl":{"start":{"line":13,"column":11},"end":{"line":13,"column":12}},"loc":{"start":{"line":13,"column":22},"end":{"line":15,"column":5}},"line":13},"4":{"name":"(anonymous_4)","decl":{"start":{"line":16,"column":16},"end":{"line":16,"column":17}},"loc":{"start":{"line":16,"column":30},"end":{"line":18,"column":5}},"line":16}},"branchMap":{},"s":{"0":10,"1":10,"2":10,"3":13,"4":0,"5":0,"6":0,"7":10},"f":{"0":10,"1":13,"2":0,"3":0,"4":0},"b":{},"_coverageSchema":"332fd63041d2c1bcb487cc26dd0d5f7d97098a6c","hash":"a23f8b4ccb2a03e41842b761109d68438f4023bc"}
,"/Users/chchen/Octopus/web-octopus/utils/api.js": {"path":"/Users/chchen/Octopus/web-octopus/utils/api.js","statementMap":{"0":{"start":{"line":5,"column":2},"end":{"line":7,"column":3}},"1":{"start":{"line":6,"column":4},"end":{"line":6,"column":53}},"2":{"start":{"line":8,"column":2},"end":{"line":8,"column":32}}},"fnMap":{"0":{"name":"makeApiUrl","decl":{"start":{"line":4,"column":16},"end":{"line":4,"column":26}},"loc":{"start":{"line":4,"column":33},"end":{"line":9,"column":1}},"line":4}},"branchMap":{"0":{"loc":{"start":{"line":5,"column":2},"end":{"line":7,"column":3}},"type":"if","locations":[{"start":{"line":5,"column":2},"end":{"line":7,"column":3}},{"start":{"line":5,"column":2},"end":{"line":7,"column":3}}],"line":5}},"s":{"0":1,"1":0,"2":1},"f":{"0":1},"b":{"0":[0,1]},"_coverageSchema":"332fd63041d2c1bcb487cc26dd0d5f7d97098a6c","hash":"1e64c9ebfc063ab5a09029d59e59981ba2a03a72"}
,"/Users/chchen/Octopus/web-octopus/utils/auth.js": {"path":"/Users/chchen/Octopus/web-octopus/utils/auth.js","statementMap":{"0":{"start":{"line":5,"column":2},"end":{"line":7,"column":3}},"1":{"start":{"line":6,"column":4},"end":{"line":6,"column":23}},"2":{"start":{"line":11,"column":19},"end":{"line":11,"column":32}},"3":{"start":{"line":12,"column":2},"end":{"line":12,"column":35}},"4":{"start":{"line":16,"column":19},"end":{"line":16,"column":32}},"5":{"start":{"line":17,"column":2},"end":{"line":17,"column":34}},"6":{"start":{"line":18,"column":2},"end":{"line":18,"column":58}},"7":{"start":{"line":22,"column":2},"end":{"line":22,"column":36}},"8":{"start":{"line":26,"column":19},"end":{"line":26,"column":32}},"9":{"start":{"line":27,"column":2},"end":{"line":27,"column":83}},"10":{"start":{"line":31,"column":21},"end":{"line":31,"column":23}},"11":{"start":{"line":32,"column":2},"end":{"line":32,"column":53}},"12":{"start":{"line":33,"column":2},"end":{"line":33,"column":47}},"13":{"start":{"line":34,"column":2},"end":{"line":34,"column":55}},"14":{"start":{"line":36,"column":2},"end":{"line":36,"column":24}},"15":{"start":{"line":37,"column":2},"end":{"line":37,"column":29}},"16":{"start":{"line":41,"column":19},"end":{"line":41,"column":59}},"17":{"start":{"line":42,"column":2},"end":{"line":42,"column":32}},"18":{"start":{"line":42,"column":11},"end":{"line":42,"column":32}},"19":{"start":{"line":43,"column":2},"end":{"line":43,"column":18}}},"fnMap":{"0":{"name":"checkLogin","decl":{"start":{"line":4,"column":16},"end":{"line":4,"column":26}},"loc":{"start":{"line":4,"column":43},"end":{"line":8,"column":1}},"line":4},"1":{"name":"getJWT","decl":{"start":{"line":10,"column":16},"end":{"line":10,"column":22}},"loc":{"start":{"line":10,"column":25},"end":{"line":13,"column":1}},"line":10},"2":{"name":"saveJWT","decl":{"start":{"line":15,"column":16},"end":{"line":15,"column":23}},"loc":{"start":{"line":15,"column":29},"end":{"line":19,"column":1}},"line":15},"3":{"name":"getCachedUserId","decl":{"start":{"line":21,"column":16},"end":{"line":21,"column":31}},"loc":{"start":{"line":21,"column":34},"end":{"line":23,"column":1}},"line":21},"4":{"name":"saveCachedData","decl":{"start":{"line":25,"column":16},"end":{"line":25,"column":30}},"loc":{"start":{"line":25,"column":37},"end":{"line":28,"column":1}},"line":25},"5":{"name":"saveAuthData","decl":{"start":{"line":30,"column":16},"end":{"line":30,"column":28}},"loc":{"start":{"line":30,"column":39},"end":{"line":38,"column":1}},"line":30},"6":{"name":"getAuthData","decl":{"start":{"line":40,"column":16},"end":{"line":40,"column":27}},"loc":{"start":{"line":40,"column":33},"end":{"line":44,"column":1}},"line":40}},"branchMap":{"0":{"loc":{"start":{"line":5,"column":2},"end":{"line":7,"column":3}},"type":"if","locations":[{"start":{"line":5,"column":2},"end":{"line":7,"column":3}},{"start":{"line":5,"column":2},"end":{"line":7,"column":3}}],"line":5},"1":{"loc":{"start":{"line":41,"column":19},"end":{"line":41,"column":59}},"type":"binary-expr","locations":[{"start":{"line":41,"column":19},"end":{"line":41,"column":53}},{"start":{"line":41,"column":57},"end":{"line":41,"column":59}}],"line":41},"2":{"loc":{"start":{"line":42,"column":2},"end":{"line":42,"column":32}},"type":"if","locations":[{"start":{"line":42,"column":2},"end":{"line":42,"column":32}},{"start":{"line":42,"column":2},"end":{"line":42,"column":32}}],"line":42}},"s":{"0":0,"1":0,"2":8,"3":8,"4":0,"5":0,"6":0,"7":0,"8":0,"9":0,"10":0,"11":0,"12":0,"13":0,"14":0,"15":0,"16":8,"17":8,"18":0,"19":8},"f":{"0":0,"1":8,"2":0,"3":0,"4":0,"5":0,"6":8},"b":{"0":[0,0],"1":[8,0],"2":[0,8]},"_coverageSchema":"332fd63041d2c1bcb487cc26dd0d5f7d97098a6c","hash":"d64d909dcea779cfef48c4d0e54f256843a54f62"}
,"/Users/chchen/Octopus/web-octopus/utils/header.js": {"path":"/Users/chchen/Octopus/web-octopus/utils/header.js","statementMap":{"0":{"start":{"line":5,"column":2},"end":{"line":12,"column":4}},"1":{"start":{"line":16,"column":2},"end":{"line":22,"column":4}},"2":{"start":{"line":26,"column":14},"end":{"line":26,"column":22}},"3":{"start":{"line":27,"column":2},"end":{"line":29,"column":3}},"4":{"start":{"line":28,"column":4},"end":{"line":28,"column":35}},"5":{"start":{"line":30,"column":2},"end":{"line":30,"column":45}},"6":{"start":{"line":34,"column":2},"end":{"line":34,"column":38}},"7":{"start":{"line":35,"column":2},"end":{"line":35,"column":53}}},"fnMap":{"0":{"name":"createConfig","decl":{"start":{"line":4,"column":16},"end":{"line":4,"column":28}},"loc":{"start":{"line":4,"column":52},"end":{"line":13,"column":1}},"line":4},"1":{"name":"createFormDataConfig","decl":{"start":{"line":15,"column":16},"end":{"line":15,"column":36}},"loc":{"start":{"line":15,"column":60},"end":{"line":23,"column":1}},"line":15},"2":{"name":"createConfigWithAuth","decl":{"start":{"line":25,"column":16},"end":{"line":25,"column":36}},"loc":{"start":{"line":25,"column":65},"end":{"line":31,"column":1}},"line":25},"3":{"name":"createFormDataConfigWithAuth","decl":{"start":{"line":33,"column":16},"end":{"line":33,"column":44}},"loc":{"start":{"line":33,"column":73},"end":{"line":36,"column":1}},"line":33}},"branchMap":{"0":{"loc":{"start":{"line":11,"column":10},"end":{"line":11,"column":49}},"type":"cond-expr","locations":[{"start":{"line":11,"column":17},"end":{"line":11,"column":37}},{"start":{"line":11,"column":40},"end":{"line":11,"column":49}}],"line":11},"1":{"loc":{"start":{"line":25,"column":51},"end":{"line":25,"column":63}},"type":"default-arg","locations":[{"start":{"line":25,"column":61},"end":{"line":25,"column":63}}],"line":25},"2":{"loc":{"start":{"line":27,"column":2},"end":{"line":29,"column":3}},"type":"if","locations":[{"start":{"line":27,"column":2},"end":{"line":29,"column":3}},{"start":{"line":27,"column":2},"end":{"line":29,"column":3}}],"line":27},"3":{"loc":{"start":{"line":33,"column":59},"end":{"line":33,"column":71}},"type":"default-arg","locations":[{"start":{"line":33,"column":69},"end":{"line":33,"column":71}}],"line":33}},"s":{"0":7,"1":0,"2":7,"3":7,"4":7,"5":7,"6":0,"7":0},"f":{"0":7,"1":0,"2":7,"3":0},"b":{"0":[3,4],"1":[7],"2":[7,0],"3":[0]},"_coverageSchema":"332fd63041d2c1bcb487cc26dd0d5f7d97098a6c","hash":"a30de76fa4a1c0bff54fa8b8d7f6919de12f4e90"}
,"/Users/chchen/Octopus/web-octopus/utils/http-error.js": {"path":"/Users/chchen/Octopus/web-octopus/utils/http-error.js","statementMap":{"0":{"start":{"line":3,"column":4},"end":{"line":3,"column":19}},"1":{"start":{"line":4,"column":4},"end":{"line":4,"column":27}},"2":{"start":{"line":5,"column":4},"end":{"line":5,"column":31}},"3":{"start":{"line":11,"column":4},"end":{"line":11,"column":19}},"4":{"start":{"line":12,"column":4},"end":{"line":12,"column":27}},"5":{"start":{"line":13,"column":4},"end":{"line":13,"column":32}},"6":{"start":{"line":19,"column":4},"end":{"line":19,"column":19}},"7":{"start":{"line":20,"column":4},"end":{"line":20,"column":27}},"8":{"start":{"line":21,"column":4},"end":{"line":21,"column":38}},"9":{"start":{"line":27,"column":4},"end":{"line":27,"column":19}},"10":{"start":{"line":28,"column":4},"end":{"line":28,"column":27}},"11":{"start":{"line":29,"column":4},"end":{"line":29,"column":38}},"12":{"start":{"line":35,"column":4},"end":{"line":35,"column":19}},"13":{"start":{"line":36,"column":4},"end":{"line":36,"column":27}},"14":{"start":{"line":37,"column":4},"end":{"line":37,"column":38}},"15":{"start":{"line":43,"column":4},"end":{"line":43,"column":19}},"16":{"start":{"line":44,"column":4},"end":{"line":44,"column":27}},"17":{"start":{"line":45,"column":4},"end":{"line":45,"column":38}},"18":{"start":{"line":51,"column":4},"end":{"line":51,"column":19}},"19":{"start":{"line":52,"column":4},"end":{"line":52,"column":27}},"20":{"start":{"line":53,"column":4},"end":{"line":53,"column":31}}},"fnMap":{"0":{"name":"(anonymous_0)","decl":{"start":{"line":2,"column":2},"end":{"line":2,"column":3}},"loc":{"start":{"line":2,"column":36},"end":{"line":6,"column":3}},"line":2},"1":{"name":"(anonymous_1)","decl":{"start":{"line":10,"column":2},"end":{"line":10,"column":3}},"loc":{"start":{"line":10,"column":23},"end":{"line":14,"column":3}},"line":10},"2":{"name":"(anonymous_2)","decl":{"start":{"line":18,"column":2},"end":{"line":18,"column":3}},"loc":{"start":{"line":18,"column":41},"end":{"line":22,"column":3}},"line":18},"3":{"name":"(anonymous_3)","decl":{"start":{"line":26,"column":2},"end":{"line":26,"column":3}},"loc":{"start":{"line":26,"column":40},"end":{"line":30,"column":3}},"line":26},"4":{"name":"(anonymous_4)","decl":{"start":{"line":34,"column":2},"end":{"line":34,"column":3}},"loc":{"start":{"line":34,"column":47},"end":{"line":38,"column":3}},"line":34},"5":{"name":"(anonymous_5)","decl":{"start":{"line":42,"column":2},"end":{"line":42,"column":3}},"loc":{"start":{"line":42,"column":41},"end":{"line":46,"column":3}},"line":42},"6":{"name":"(anonymous_6)","decl":{"start":{"line":50,"column":2},"end":{"line":50,"column":3}},"loc":{"start":{"line":50,"column":44},"end":{"line":54,"column":3}},"line":50}},"branchMap":{"0":{"loc":{"start":{"line":2,"column":14},"end":{"line":2,"column":34}},"type":"default-arg","locations":[{"start":{"line":2,"column":24},"end":{"line":2,"column":34}}],"line":2},"1":{"loc":{"start":{"line":18,"column":14},"end":{"line":18,"column":39}},"type":"default-arg","locations":[{"start":{"line":18,"column":24},"end":{"line":18,"column":39}}],"line":18},"2":{"loc":{"start":{"line":26,"column":14},"end":{"line":26,"column":38}},"type":"default-arg","locations":[{"start":{"line":26,"column":24},"end":{"line":26,"column":38}}],"line":26},"3":{"loc":{"start":{"line":34,"column":14},"end":{"line":34,"column":45}},"type":"default-arg","locations":[{"start":{"line":34,"column":24},"end":{"line":34,"column":45}}],"line":34},"4":{"loc":{"start":{"line":42,"column":14},"end":{"line":42,"column":39}},"type":"default-arg","locations":[{"start":{"line":42,"column":24},"end":{"line":42,"column":39}}],"line":42},"5":{"loc":{"start":{"line":50,"column":14},"end":{"line":50,"column":42}},"type":"default-arg","locations":[{"start":{"line":50,"column":24},"end":{"line":50,"column":42}}],"line":50}},"s":{"0":0,"1":0,"2":0,"3":0,"4":0,"5":0,"6":0,"7":0,"8":0,"9":0,"10":0,"11":0,"12":0,"13":0,"14":0,"15":0,"16":0,"17":0,"18":0,"19":0,"20":0},"f":{"0":0,"1":0,"2":0,"3":0,"4":0,"5":0,"6":0},"b":{"0":[0],"1":[0],"2":[0],"3":[0],"4":[0],"5":[0]},"_coverageSchema":"332fd63041d2c1bcb487cc26dd0d5f7d97098a6c","hash":"e86898c97d5d30367b4eb699835fb6870a31363b"}
,"/Users/chchen/Octopus/web-octopus/utils/http-handle.js": {"path":"/Users/chchen/Octopus/web-octopus/utils/http-handle.js","statementMap":{"0":{"start":{"line":5,"column":2},"end":{"line":25,"column":3}},"1":{"start":{"line":7,"column":4},"end":{"line":7,"column":30}},"2":{"start":{"line":8,"column":4},"end":{"line":8,"column":10}},"3":{"start":{"line":10,"column":4},"end":{"line":10,"column":29}},"4":{"start":{"line":11,"column":4},"end":{"line":11,"column":10}},"5":{"start":{"line":13,"column":4},"end":{"line":13,"column":29}},"6":{"start":{"line":14,"column":4},"end":{"line":14,"column":10}},"7":{"start":{"line":16,"column":4},"end":{"line":16,"column":35}},"8":{"start":{"line":17,"column":4},"end":{"line":17,"column":10}},"9":{"start":{"line":19,"column":4},"end":{"line":19,"column":28}},"10":{"start":{"line":20,"column":4},"end":{"line":20,"column":10}},"11":{"start":{"line":22,"column":4},"end":{"line":22,"column":29}},"12":{"start":{"line":24,"column":4},"end":{"line":24,"column":10}},"13":{"start":{"line":29,"column":2},"end":{"line":29,"column":24}},"14":{"start":{"line":30,"column":2},"end":{"line":30,"column":25}},"15":{"start":{"line":34,"column":2},"end":{"line":34,"column":24}},"16":{"start":{"line":35,"column":2},"end":{"line":35,"column":14}}},"fnMap":{"0":{"name":"handleError","decl":{"start":{"line":4,"column":9},"end":{"line":4,"column":20}},"loc":{"start":{"line":4,"column":31},"end":{"line":26,"column":1}},"line":4},"1":{"name":"handleResponse","decl":{"start":{"line":28,"column":16},"end":{"line":28,"column":30}},"loc":{"start":{"line":28,"column":41},"end":{"line":31,"column":1}},"line":28},"2":{"name":"handleResponseWithoutJson","decl":{"start":{"line":33,"column":16},"end":{"line":33,"column":41}},"loc":{"start":{"line":33,"column":52},"end":{"line":36,"column":1}},"line":33}},"branchMap":{"0":{"loc":{"start":{"line":5,"column":2},"end":{"line":25,"column":3}},"type":"switch","locations":[{"start":{"line":6,"column":2},"end":{"line":8,"column":10}},{"start":{"line":9,"column":2},"end":{"line":11,"column":10}},{"start":{"line":12,"column":2},"end":{"line":14,"column":10}},{"start":{"line":15,"column":2},"end":{"line":17,"column":10}},{"start":{"line":18,"column":2},"end":{"line":20,"column":10}},{"start":{"line":21,"column":2},"end":{"line":22,"column":29}},{"start":{"line":23,"column":2},"end":{"line":24,"column":10}}],"line":5}},"s":{"0":7,"1":0,"2":0,"3":0,"4":0,"5":0,"6":0,"7":0,"8":0,"9":0,"10":0,"11":0,"12":7,"13":7,"14":7,"15":0,"16":0},"f":{"0":7,"1":7,"2":0},"b":{"0":[0,0,0,0,0,0,7]},"_coverageSchema":"332fd63041d2c1bcb487cc26dd0d5f7d97098a6c","hash":"c1ff4a7336e367fd99b8301ae51699137a34d61e"}
,"/Users/chchen/Octopus/web-octopus/utils/keyboard.js": {"path":"/Users/chchen/Octopus/web-octopus/utils/keyboard.js","statementMap":{"0":{"start":{"line":2,"column":28},"end":{"line":2,"column":30}},"1":{"start":{"line":5,"column":2},"end":{"line":5,"column":47}}},"fnMap":{"0":{"name":"isEnterKey","decl":{"start":{"line":4,"column":16},"end":{"line":4,"column":26}},"loc":{"start":{"line":4,"column":34},"end":{"line":6,"column":1}},"line":4}},"branchMap":{},"s":{"0":1,"1":0},"f":{"0":0},"b":{},"_coverageSchema":"332fd63041d2c1bcb487cc26dd0d5f7d97098a6c","hash":"0b03d132dd203a3658fc8df0e276ad5c36adea9c"}
,"/Users/chchen/Octopus/web-octopus/utils/route.js": {"path":"/Users/chchen/Octopus/web-octopus/utils/route.js","statementMap":{"0":{"start":{"line":4,"column":2},"end":{"line":4,"column":82}}},"fnMap":{"0":{"name":"activeClassWhenMatchPrefix","decl":{"start":{"line":3,"column":16},"end":{"line":3,"column":42}},"loc":{"start":{"line":3,"column":51},"end":{"line":5,"column":1}},"line":3}},"branchMap":{"0":{"loc":{"start":{"line":4,"column":9},"end":{"line":4,"column":81}},"type":"cond-expr","locations":[{"start":{"line":4,"column":68},"end":{"line":4,"column":76}},{"start":{"line":4,"column":79},"end":{"line":4,"column":81}}],"line":4}},"s":{"0":16},"f":{"0":16},"b":{"0":[4,12]},"_coverageSchema":"332fd63041d2c1bcb487cc26dd0d5f7d97098a6c","hash":"b90cc2e33411a300864df6060cd0f335ca267acf"}
,"/Users/chchen/Octopus/web-octopus/utils/timeout.js": {"path":"/Users/chchen/Octopus/web-octopus/utils/timeout.js","statementMap":{"0":{"start":{"line":2,"column":2},"end":{"line":2,"column":57}},"1":{"start":{"line":2,"column":32},"end":{"line":2,"column":55}}},"fnMap":{"0":{"name":"timeout","decl":{"start":{"line":1,"column":16},"end":{"line":1,"column":23}},"loc":{"start":{"line":1,"column":28},"end":{"line":3,"column":1}},"line":1},"1":{"name":"(anonymous_1)","decl":{"start":{"line":2,"column":21},"end":{"line":2,"column":22}},"loc":{"start":{"line":2,"column":32},"end":{"line":2,"column":55}},"line":2}},"branchMap":{},"s":{"0":1,"1":1},"f":{"0":1,"1":1},"b":{},"_coverageSchema":"332fd63041d2c1bcb487cc26dd0d5f7d97098a6c","hash":"7f090946200e923a4d42b6e87489541fb68d8a8e"}
}
