TN:
SF:/Users/chchen/Octopus/web-octopus/constants.js
FNF:0
FNH:0
DA:3,3
DA:5,3
DA:6,3
DA:7,3
DA:9,3
DA:11,3
DA:13,3
DA:15,3
DA:17,3
DA:19,3
LF:10
LH:10
BRF:0
BRH:0
end_of_record
TN:
SF:/Users/chchen/Octopus/web-octopus/actions/actions.js
FN:16,(anonymous_0)
FN:25,(anonymous_1)
FN:32,(anonymous_2)
FN:39,(anonymous_3)
FN:49,makeActionRequestCollection
FN:50,(anonymous_5)
FNF:6
FNH:6
FNDA:18,(anonymous_0)
FNDA:1,(anonymous_1)
FNDA:2,(anonymous_2)
FNDA:1,(anonymous_3)
FNDA:1,makeActionRequestCollection
FNDA:1,(anonymous_5)
DA:1,2
DA:16,2
DA:17,18
DA:18,18
DA:19,18
DA:20,18
DA:26,1
DA:33,2
DA:39,1
DA:46,18
DA:50,1
DA:51,1
DA:52,1
LF:13
LH:13
BRF:0
BRH:0
end_of_record
TN:
SF:/Users/chchen/Octopus/web-octopus/actions/todo/todo-statistics.js
FN:11,activeTdRepeatHistory
FN:18,unactiveTdRepeatHistory
FN:28,tdRepeatHistoryRequest
FN:34,tdRepeatHistorySuccess
FN:41,tdRepeatHistoryFailure
FN:49,getTodoRepeatHistory
FN:51,(anonymous_6)
FN:55,(anonymous_7)
FN:56,(anonymous_8)
FN:65,tdRepeatHistoryYestoryUpdateSuccess
FN:72,tdRepeatHistoryYestoryUpdateFailure
FN:80,tdRepeatHistoryYestoryUpdate
FN:82,(anonymous_12)
FN:85,(anonymous_13)
FN:86,(anonymous_14)
FNF:15
FNH:0
FNDA:0,activeTdRepeatHistory
FNDA:0,unactiveTdRepeatHistory
FNDA:0,tdRepeatHistoryRequest
FNDA:0,tdRepeatHistorySuccess
FNDA:0,tdRepeatHistoryFailure
FNDA:0,getTodoRepeatHistory
FNDA:0,(anonymous_6)
FNDA:0,(anonymous_7)
FNDA:0,(anonymous_8)
FNDA:0,tdRepeatHistoryYestoryUpdateSuccess
FNDA:0,tdRepeatHistoryYestoryUpdateFailure
FNDA:0,tdRepeatHistoryYestoryUpdate
FNDA:0,(anonymous_12)
FNDA:0,(anonymous_13)
FNDA:0,(anonymous_14)
DA:8,1
DA:9,1
DA:12,0
DA:19,0
DA:24,1
DA:25,1
DA:26,1
DA:29,0
DA:35,0
DA:42,0
DA:50,0
DA:51,0
DA:52,0
DA:53,0
DA:55,0
DA:56,0
DA:62,1
DA:63,1
DA:66,0
DA:73,0
DA:81,0
DA:82,0
DA:83,0
DA:85,0
DA:86,0
LF:25
LH:7
BRF:0
BRH:0
end_of_record
TN:
SF:/Users/chchen/Octopus/web-octopus/components/DatePicker/Calendar.js
FN:14,(anonymous_0)
FN:19,(anonymous_1)
FN:23,(anonymous_2)
FN:27,(anonymous_3)
FN:41,(anonymous_4)
FN:42,(anonymous_5)
FN:45,(anonymous_6)
FN:47,(anonymous_7)
FN:58,(anonymous_8)
FNF:9
FNH:0
FNDA:0,(anonymous_0)
FNDA:0,(anonymous_1)
FNDA:0,(anonymous_2)
FNDA:0,(anonymous_3)
FNDA:0,(anonymous_4)
FNDA:0,(anonymous_5)
FNDA:0,(anonymous_6)
FNDA:0,(anonymous_7)
FNDA:0,(anonymous_8)
DA:15,0
DA:16,0
DA:20,0
DA:24,0
DA:28,0
DA:42,0
DA:48,0
DA:59,0
LF:8
LH:0
BRF:0
BRH:0
end_of_record
TN:
SF:/Users/chchen/Octopus/web-octopus/components/DatePicker/DatePicker.js
FN:10,(anonymous_0)
FN:22,(anonymous_1)
FN:26,(anonymous_2)
FN:47,(anonymous_3)
FN:51,(anonymous_4)
FN:55,(anonymous_5)
FN:62,(anonymous_6)
FN:66,(anonymous_7)
FN:72,(anonymous_8)
FN:78,(anonymous_9)
FN:82,(anonymous_10)
FN:86,(anonymous_11)
FN:103,(anonymous_12)
FN:111,(anonymous_13)
FNF:14
FNH:5
FNDA:3,(anonymous_0)
FNDA:3,(anonymous_1)
FNDA:3,(anonymous_2)
FNDA:0,(anonymous_3)
FNDA:0,(anonymous_4)
FNDA:0,(anonymous_5)
FNDA:0,(anonymous_6)
FNDA:0,(anonymous_7)
FNDA:0,(anonymous_8)
FNDA:0,(anonymous_9)
FNDA:0,(anonymous_10)
FNDA:0,(anonymous_11)
FNDA:6,(anonymous_12)
FNDA:6,(anonymous_13)
DA:11,3
DA:12,3
DA:13,3
DA:14,3
DA:15,3
DA:16,3
DA:17,3
DA:18,3
DA:19,3
DA:23,3
DA:27,3
DA:29,3
DA:34,3
DA:42,3
DA:43,0
DA:48,0
DA:52,0
DA:56,0
DA:57,0
DA:58,0
DA:59,0
DA:63,0
DA:67,0
DA:73,0
DA:79,0
DA:83,0
DA:87,0
DA:88,0
DA:99,0
DA:100,0
DA:104,6
DA:105,6
DA:106,0
DA:108,6
DA:112,6
DA:115,6
LF:36
LH:19
BRDA:27,0,0,0
BRDA:27,0,1,3
BRDA:34,1,0,3
BRDA:34,1,1,0
BRDA:42,2,0,0
BRDA:42,2,1,3
BRDA:58,3,0,0
BRDA:58,3,1,0
BRDA:59,4,0,0
BRDA:59,4,1,0
BRDA:67,5,0,0
BRDA:67,5,1,0
BRDA:73,6,0,0
BRDA:73,6,1,0
BRDA:99,7,0,0
BRDA:99,7,1,0
BRDA:105,8,0,0
BRDA:105,8,1,6
BRDA:112,9,0,0
BRDA:112,9,1,6
BRDA:114,10,0,6
BRDA:114,10,1,0
BRDA:117,11,0,6
BRDA:117,11,1,0
BRDA:125,12,0,6
BRDA:125,12,1,0
BRDA:125,13,0,6
BRDA:125,13,1,6
BRDA:133,14,0,6
BRDA:133,14,1,0
BRF:30
BRH:11
end_of_record
TN:
SF:/Users/chchen/Octopus/web-octopus/components/DatePicker/Day.js
FN:5,(anonymous_0)
FN:9,(anonymous_1)
FN:11,(anonymous_2)
FN:16,(anonymous_3)
FN:34,(anonymous_4)
FNF:5
FNH:0
FNDA:0,(anonymous_0)
FNDA:0,(anonymous_1)
FNDA:0,(anonymous_2)
FNDA:0,(anonymous_3)
FNDA:0,(anonymous_4)
DA:6,0
DA:12,0
DA:13,0
DA:17,0
DA:18,0
DA:19,0
DA:20,0
DA:22,0
DA:23,0
DA:25,0
DA:26,0
DA:28,0
DA:29,0
DA:31,0
DA:35,0
DA:36,0
LF:16
LH:0
BRDA:19,0,0,0
BRDA:19,0,1,0
BRDA:22,1,0,0
BRDA:22,1,1,0
BRDA:25,2,0,0
BRDA:25,2,1,0
BRDA:28,3,0,0
BRDA:28,3,1,0
BRF:8
BRH:0
end_of_record
TN:
SF:/Users/chchen/Octopus/web-octopus/components/DatePicker/Month.js
FN:7,(anonymous_0)
FN:11,(anonymous_1)
FN:13,(anonymous_2)
FN:15,(anonymous_3)
FN:17,(anonymous_4)
FN:21,(anonymous_5)
FN:30,(anonymous_6)
FN:94,(anonymous_7)
FN:97,(anonymous_8)
FNF:9
FNH:0
FNDA:0,(anonymous_0)
FNDA:0,(anonymous_1)
FNDA:0,(anonymous_2)
FNDA:0,(anonymous_3)
FNDA:0,(anonymous_4)
FNDA:0,(anonymous_5)
FNDA:0,(anonymous_6)
FNDA:0,(anonymous_7)
FNDA:0,(anonymous_8)
DA:8,0
DA:18,0
DA:19,0
DA:22,0
DA:31,0
DA:32,0
DA:33,0
DA:34,0
DA:35,0
DA:37,0
DA:38,0
DA:39,0
DA:40,0
DA:42,0
DA:43,0
DA:44,0
DA:45,0
DA:46,0
DA:47,0
DA:48,0
DA:49,0
DA:60,0
DA:61,0
DA:62,0
DA:74,0
DA:75,0
DA:87,0
DA:89,0
DA:90,0
DA:91,0
DA:94,0
DA:98,0
LF:32
LH:0
BRDA:18,0,0,0
BRDA:47,1,0,0
BRDA:47,1,1,0
BRDA:54,2,0,0
BRDA:54,2,1,0
BRDA:54,2,2,0
BRDA:54,2,3,0
BRDA:58,3,0,0
BRDA:58,3,1,0
BRDA:58,3,2,0
BRDA:60,4,0,0
BRDA:60,4,1,0
BRDA:67,5,0,0
BRDA:67,5,1,0
BRDA:67,5,2,0
BRDA:67,5,3,0
BRDA:71,6,0,0
BRDA:71,6,1,0
BRDA:71,6,2,0
BRDA:80,7,0,0
BRDA:80,7,1,0
BRDA:80,7,2,0
BRDA:80,7,3,0
BRDA:84,8,0,0
BRDA:84,8,1,0
BRDA:84,8,2,0
BRDA:90,9,0,0
BRDA:90,9,1,0
BRF:28
BRH:0
end_of_record
TN:
SF:/Users/chchen/Octopus/web-octopus/components/DatePicker/Week.js
FN:5,(anonymous_0)
FN:9,(anonymous_1)
FN:11,(anonymous_2)
FN:13,(anonymous_3)
FN:15,(anonymous_4)
FN:18,(anonymous_5)
FNF:6
FNH:0
FNDA:0,(anonymous_0)
FNDA:0,(anonymous_1)
FNDA:0,(anonymous_2)
FNDA:0,(anonymous_3)
FNDA:0,(anonymous_4)
FNDA:0,(anonymous_5)
DA:6,0
DA:14,0
DA:15,0
DA:19,0
LF:4
LH:0
BRF:0
BRH:0
end_of_record
TN:
SF:/Users/chchen/Octopus/web-octopus/components/DatePicker/constant.js
FNF:0
FNH:0
DA:1,3
DA:4,3
DA:6,3
DA:9,3
LF:4
LH:4
BRF:0
BRH:0
end_of_record
TN:
SF:/Users/chchen/Octopus/web-octopus/components/DatePicker/util.js
FN:1,daysInMonth
FN:5,firstDayInMonthOffset
FNF:2
FNH:0
FNDA:0,daysInMonth
FNDA:0,firstDayInMonthOffset
DA:2,0
DA:6,0
LF:2
LH:0
BRF:0
BRH:0
end_of_record
TN:
SF:/Users/chchen/Octopus/web-octopus/components/commons/Logo.js
FN:6,(anonymous_0)
FNF:1
FNH:1
FNDA:3,(anonymous_0)
DA:7,3
LF:1
LH:1
BRF:0
BRH:0
end_of_record
TN:
SF:/Users/chchen/Octopus/web-octopus/components/commons/LogoBan.js
FN:9,(anonymous_0)
FN:13,(anonymous_1)
FNF:2
FNH:1
FNDA:0,(anonymous_0)
FNDA:3,(anonymous_1)
DA:10,0
DA:14,3
LF:2
LH:1
BRF:0
BRH:0
end_of_record
TN:
SF:/Users/chchen/Octopus/web-octopus/components/commons/TextLogo.js
FN:4,(anonymous_0)
FNF:1
FNH:1
FNDA:3,(anonymous_0)
DA:5,3
DA:6,3
DA:9,0
LF:3
LH:2
BRDA:5,0,0,3
BRDA:5,0,1,0
BRF:2
BRH:1
end_of_record
TN:
SF:/Users/chchen/Octopus/web-octopus/components/utils/ClickOutSide.js
FN:9,(anonymous_0)
FN:14,(anonymous_1)
FN:18,(anonymous_2)
FN:27,(anonymous_3)
FN:31,(anonymous_4)
FN:35,(anonymous_5)
FNF:6
FNH:4
FNDA:4,(anonymous_0)
FNDA:4,(anonymous_1)
FNDA:5,(anonymous_2)
FNDA:4,(anonymous_3)
FNDA:0,(anonymous_4)
FNDA:0,(anonymous_5)
DA:10,4
DA:11,4
DA:15,4
DA:19,5
DA:20,5
DA:28,4
DA:32,0
DA:36,0
DA:37,0
DA:38,0
LF:10
LH:6
BRDA:38,0,0,0
BRDA:38,0,1,0
BRF:2
BRH:0
end_of_record
TN:
SF:/Users/chchen/Octopus/web-octopus/components/widget/Select.js
FN:12,(anonymous_0)
FN:21,(anonymous_1)
FN:25,(anonymous_2)
FN:27,(anonymous_3)
FN:31,(anonymous_4)
FN:35,(anonymous_5)
FN:39,(anonymous_6)
FN:40,(anonymous_7)
FN:41,(anonymous_8)
FN:47,(anonymous_9)
FN:52,(anonymous_10)
FNF:11
FNH:7
FNDA:2,(anonymous_0)
FNDA:2,(anonymous_1)
FNDA:1,(anonymous_2)
FNDA:0,(anonymous_3)
FNDA:0,(anonymous_4)
FNDA:3,(anonymous_5)
FNDA:3,(anonymous_6)
FNDA:12,(anonymous_7)
FNDA:0,(anonymous_8)
FNDA:0,(anonymous_9)
FNDA:3,(anonymous_10)
DA:13,2
DA:14,2
DA:22,2
DA:28,0
DA:32,0
DA:36,3
DA:40,3
DA:41,12
DA:48,0
DA:49,0
DA:53,3
LF:11
LH:7
BRDA:22,0,0,2
BRDA:22,0,1,1
BRDA:28,1,0,0
BRDA:28,1,1,0
BRDA:36,2,0,0
BRDA:36,2,1,3
BRDA:49,3,0,0
BRDA:49,3,1,0
BRDA:61,4,0,0
BRDA:61,4,1,3
BRF:10
BRH:4
end_of_record
TN:
SF:/Users/chchen/Octopus/web-octopus/components/widget/Button/Button.js
FN:11,(anonymous_0)
FN:18,(anonymous_1)
FN:22,(anonymous_2)
FNF:3
FNH:2
FNDA:3,(anonymous_0)
FNDA:0,(anonymous_1)
FNDA:3,(anonymous_2)
DA:12,3
DA:13,3
DA:19,0
DA:23,3
LF:4
LH:3
BRDA:12,0,0,2
BRDA:12,1,0,0
BRDA:12,2,0,3
BRDA:13,3,0,2
BRDA:13,3,1,1
BRF:5
BRH:4
end_of_record
TN:
SF:/Users/chchen/Octopus/web-octopus/components/widget/CheckBox/CheckBox.js
FN:5,(anonymous_0)
FN:12,(anonymous_1)
FN:18,(anonymous_2)
FN:25,(anonymous_3)
FNF:4
FNH:3
FNDA:1,(anonymous_0)
FNDA:1,(anonymous_1)
FNDA:0,(anonymous_2)
FNDA:1,(anonymous_3)
DA:6,1
DA:7,1
DA:8,1
DA:9,1
DA:19,0
DA:20,0
DA:21,0
DA:22,0
DA:26,1
LF:9
LH:5
BRDA:22,0,0,0
BRDA:22,0,1,0
BRDA:35,1,0,1
BRDA:35,1,1,0
BRF:4
BRH:1
end_of_record
TN:
SF:/Users/chchen/Octopus/web-octopus/components/widget/DropList/DropList.js
FN:8,(anonymous_0)
FN:10,(anonymous_1)
FN:12,(anonymous_2)
FN:14,(anonymous_3)
FN:22,(anonymous_4)
FNF:5
FNH:4
FNDA:3,(anonymous_0)
FNDA:1,(anonymous_1)
FNDA:0,(anonymous_2)
FNDA:1,(anonymous_3)
FNDA:4,(anonymous_4)
DA:15,1
DA:16,1
DA:17,0
DA:19,1
DA:23,4
DA:24,1
DA:30,3
LF:7
LH:6
BRDA:16,0,0,0
BRDA:16,0,1,1
BRDA:23,1,0,1
BRDA:23,1,1,3
BRF:4
BRH:3
end_of_record
TN:
SF:/Users/chchen/Octopus/web-octopus/components/widget/Modal/Modal.js
FN:23,(anonymous_0)
FN:28,(anonymous_1)
FN:34,(anonymous_2)
FN:43,(anonymous_3)
FN:56,(anonymous_4)
FN:60,(anonymous_5)
FNF:6
FNH:5
FNDA:3,(anonymous_0)
FNDA:3,(anonymous_1)
FNDA:0,(anonymous_2)
FNDA:6,(anonymous_3)
FNDA:3,(anonymous_4)
FNDA:6,(anonymous_5)
DA:24,3
DA:25,3
DA:29,3
DA:30,3
DA:31,3
DA:35,0
DA:36,0
DA:37,0
DA:38,0
DA:40,0
DA:44,6
DA:45,0
DA:46,0
DA:47,0
DA:49,0
DA:51,6
DA:53,6
DA:57,3
DA:61,6
LF:19
LH:10
BRDA:37,0,0,0
BRDA:37,0,1,0
BRDA:44,1,0,0
BRDA:44,1,1,6
BRDA:45,2,0,0
BRDA:45,2,1,0
BRF:6
BRH:1
end_of_record
TN:
SF:/Users/chchen/Octopus/web-octopus/components/widget/Modal/ModalPortal.js
FN:26,(anonymous_0)
FN:32,(anonymous_1)
FN:43,(anonymous_2)
FN:47,(anonymous_3)
FN:54,(anonymous_4)
FN:59,(anonymous_5)
FN:64,(anonymous_6)
FN:71,(anonymous_7)
FN:82,(anonymous_8)
FNF:9
FNH:3
FNDA:3,(anonymous_0)
FNDA:3,(anonymous_1)
FNDA:0,(anonymous_2)
FNDA:0,(anonymous_3)
FNDA:0,(anonymous_4)
FNDA:0,(anonymous_5)
FNDA:0,(anonymous_6)
FNDA:0,(anonymous_7)
FNDA:6,(anonymous_8)
DA:5,3
DA:7,3
DA:27,3
DA:28,3
DA:29,3
DA:33,3
DA:34,0
DA:35,0
DA:36,0
DA:38,3
DA:39,0
DA:44,0
DA:48,0
DA:49,0
DA:50,0
DA:55,0
DA:56,0
DA:60,0
DA:61,0
DA:65,0
DA:66,0
DA:67,0
DA:68,0
DA:72,0
DA:73,0
DA:74,0
DA:76,0
DA:77,0
DA:79,0
DA:83,6
DA:84,0
DA:102,6
LF:32
LH:9
BRDA:33,0,0,0
BRDA:33,0,1,3
BRDA:33,1,0,3
BRDA:33,1,1,0
BRDA:38,2,0,0
BRDA:38,2,1,3
BRDA:38,3,0,3
BRDA:38,3,1,3
BRDA:48,4,0,0
BRDA:48,4,1,0
BRDA:67,5,0,0
BRDA:67,5,1,0
BRDA:73,6,0,0
BRDA:73,6,1,0
BRDA:76,7,0,0
BRDA:76,7,1,0
BRDA:79,8,0,0
BRDA:79,8,1,0
BRDA:83,9,0,0
BRDA:83,9,1,6
BRF:20
BRH:6
end_of_record
TN:
SF:/Users/chchen/Octopus/web-octopus/components/widget/StarCheckBox/StarCheckBox.js
FN:6,(anonymous_0)
FN:13,(anonymous_1)
FN:19,(anonymous_2)
FN:26,(anonymous_3)
FNF:4
FNH:3
FNDA:1,(anonymous_0)
FNDA:1,(anonymous_1)
FNDA:0,(anonymous_2)
FNDA:1,(anonymous_3)
DA:7,1
DA:8,1
DA:9,1
DA:10,1
DA:20,0
DA:21,0
DA:22,0
DA:23,0
DA:27,1
LF:9
LH:5
BRDA:23,0,0,0
BRDA:23,0,1,0
BRDA:36,1,0,0
BRDA:36,1,1,1
BRF:4
BRH:1
end_of_record
TN:
SF:/Users/chchen/Octopus/web-octopus/epic/auth.epic.js
FN:14,(anonymous_0)
FN:15,(anonymous_1)
FN:25,(anonymous_2)
FN:26,(anonymous_3)
FN:29,(anonymous_4)
FN:33,(anonymous_5)
FN:41,(anonymous_6)
FN:42,(anonymous_7)
FN:45,(anonymous_8)
FNF:9
FNH:3
FNDA:2,(anonymous_0)
FNDA:1,(anonymous_1)
FNDA:2,(anonymous_2)
FNDA:0,(anonymous_3)
FNDA:0,(anonymous_4)
FNDA:0,(anonymous_5)
FNDA:0,(anonymous_6)
FNDA:0,(anonymous_7)
FNDA:0,(anonymous_8)
DA:14,1
DA:15,2
DA:16,1
DA:17,0
DA:19,1
DA:25,1
DA:26,2
DA:27,0
DA:30,0
DA:31,0
DA:34,0
DA:35,0
DA:37,0
DA:41,1
DA:42,0
DA:43,0
DA:46,0
DA:47,0
LF:18
LH:7
BRDA:16,0,0,0
BRDA:16,0,1,1
BRDA:34,1,0,0
BRDA:34,1,1,0
BRF:4
BRH:1
end_of_record
TN:
SF:/Users/chchen/Octopus/web-octopus/page/Nav/Nav.js
FN:15,(anonymous_0)
FN:20,(anonymous_1)
FN:22,(anonymous_2)
FN:28,(anonymous_3)
FN:53,(anonymous_4)
FN:61,(anonymous_5)
FN:89,(anonymous_6)
FN:97,(anonymous_7)
FN:104,(anonymous_8)
FNF:9
FNH:6
FNDA:2,(anonymous_0)
FNDA:1,(anonymous_1)
FNDA:0,(anonymous_2)
FNDA:3,(anonymous_3)
FNDA:3,(anonymous_4)
FNDA:0,(anonymous_5)
FNDA:3,(anonymous_6)
FNDA:0,(anonymous_7)
FNDA:1,(anonymous_8)
DA:10,1
DA:16,2
DA:17,2
DA:21,1
DA:22,1
DA:23,0
DA:29,3
DA:54,3
DA:55,0
DA:57,3
DA:58,3
DA:62,0
DA:90,3
DA:91,3
DA:92,3
DA:97,0
DA:104,1
LF:17
LH:13
BRDA:21,0,0,1
BRDA:21,0,1,0
BRDA:21,1,0,1
BRDA:21,1,1,1
BRDA:54,2,0,0
BRDA:54,2,1,3
BRDA:62,3,0,0
BRDA:62,3,1,0
BRDA:92,4,0,0
BRDA:92,4,1,3
BRF:10
BRH:5
end_of_record
TN:
SF:/Users/chchen/Octopus/web-octopus/page/Todo/constants.js
FNF:0
FNH:0
DA:1,2
LF:1
LH:1
BRF:0
BRH:0
end_of_record
TN:
SF:/Users/chchen/Octopus/web-octopus/page/Todo/Todo/Todo.js
FN:21,(anonymous_0)
FN:31,(anonymous_1)
FN:37,(anonymous_2)
FN:47,(anonymous_3)
FN:57,(anonymous_4)
FN:63,(anonymous_5)
FN:72,(anonymous_6)
FN:77,(anonymous_7)
FN:84,(anonymous_8)
FN:88,(anonymous_9)
FN:94,(anonymous_10)
FN:99,(anonymous_11)
FN:109,(anonymous_12)
FN:157,(anonymous_13)
FN:177,(anonymous_14)
FN:187,(anonymous_15)
FNF:16
FNH:3
FNDA:1,(anonymous_0)
FNDA:1,(anonymous_1)
FNDA:0,(anonymous_2)
FNDA:0,(anonymous_3)
FNDA:0,(anonymous_4)
FNDA:0,(anonymous_5)
FNDA:0,(anonymous_6)
FNDA:0,(anonymous_7)
FNDA:0,(anonymous_8)
FNDA:0,(anonymous_9)
FNDA:0,(anonymous_10)
FNDA:0,(anonymous_11)
FNDA:1,(anonymous_12)
FNDA:0,(anonymous_13)
FNDA:0,(anonymous_14)
FNDA:0,(anonymous_15)
DA:16,1
DA:22,1
DA:23,1
DA:24,1
DA:25,1
DA:26,1
DA:27,1
DA:28,1
DA:32,1
DA:38,0
DA:39,0
DA:40,0
DA:41,0
DA:42,0
DA:43,0
DA:44,0
DA:48,0
DA:49,0
DA:50,0
DA:51,0
DA:52,0
DA:53,0
DA:54,0
DA:58,0
DA:59,0
DA:60,0
DA:64,0
DA:65,0
DA:69,0
DA:73,0
DA:74,0
DA:78,0
DA:79,0
DA:85,0
DA:89,0
DA:90,0
DA:95,0
DA:96,0
DA:100,0
DA:101,0
DA:103,0
DA:104,0
DA:106,0
DA:110,1
DA:111,1
DA:113,1
DA:158,0
DA:177,0
DA:187,0
LF:49
LH:12
BRDA:89,0,0,0
BRDA:89,0,1,0
BRDA:100,1,0,0
BRDA:100,1,1,0
BRDA:103,2,0,0
BRDA:103,2,1,0
BRDA:116,3,0,1
BRDA:116,3,1,0
BRDA:116,4,0,0
BRDA:116,4,1,1
BRDA:126,5,0,0
BRDA:126,5,1,1
BRDA:131,6,0,1
BRDA:131,6,1,0
BRDA:131,6,2,0
BRDA:142,7,0,1
BRDA:142,7,1,0
BRDA:148,8,0,1
BRDA:148,8,1,1
BRDA:164,9,0,1
BRDA:164,9,1,1
BRDA:167,10,0,1
BRDA:167,10,1,0
BRDA:177,11,0,0
BRDA:177,11,1,0
BRF:25
BRH:10
end_of_record
TN:
SF:/Users/chchen/Octopus/web-octopus/page/Todo/TodoCreater/TodoCreater.js
FN:18,(anonymous_0)
FN:26,(anonymous_1)
FN:39,(anonymous_2)
FN:43,(anonymous_3)
FN:50,(anonymous_4)
FN:57,(anonymous_5)
FN:76,(anonymous_6)
FN:82,(anonymous_7)
FNF:8
FNH:2
FNDA:1,(anonymous_0)
FNDA:0,(anonymous_1)
FNDA:0,(anonymous_2)
FNDA:0,(anonymous_3)
FNDA:0,(anonymous_4)
FNDA:1,(anonymous_5)
FNDA:0,(anonymous_6)
FNDA:0,(anonymous_7)
DA:19,1
DA:20,1
DA:21,1
DA:22,1
DA:23,1
DA:27,0
DA:29,0
DA:31,0
DA:35,0
DA:36,0
DA:40,0
DA:44,0
DA:45,0
DA:47,0
DA:51,0
DA:52,0
DA:53,0
DA:58,1
DA:59,0
DA:66,1
DA:76,0
DA:82,0
LF:22
LH:7
BRDA:27,0,0,0
BRDA:27,0,1,0
BRDA:33,1,0,0
BRDA:33,1,1,0
BRDA:44,2,0,0
BRDA:44,2,1,0
BRDA:51,3,0,0
BRDA:51,3,1,0
BRDA:58,4,0,0
BRDA:58,4,1,1
BRF:10
BRH:1
end_of_record
TN:
SF:/Users/chchen/Octopus/web-octopus/services/gravatar.js
FN:6,makeGravatarHash
FN:10,makeGravatarUrl
FN:15,getUserGravatorFromStorge
FN:19,saveUserGravatorToStorge
FNF:4
FNH:2
FNDA:3,makeGravatarHash
FNDA:3,makeGravatarUrl
FNDA:0,getUserGravatorFromStorge
FNDA:0,saveUserGravatorToStorge
DA:4,1
DA:7,3
DA:11,3
DA:12,3
DA:16,0
DA:20,0
LF:6
LH:4
BRDA:11,0,0,0
BRDA:11,0,1,3
BRDA:15,1,0,0
BRDA:19,2,0,0
BRF:4
BRH:1
end_of_record
TN:
SF:/Users/chchen/Octopus/web-octopus/services/history.js
FNF:0
FNH:0
DA:2,2
LF:1
LH:1
BRF:0
BRH:0
end_of_record
TN:
SF:/Users/chchen/Octopus/web-octopus/services/http.js
FN:6,generateUri
FN:9,(anonymous_1)
FN:12,f
FN:13,(anonymous_3)
FNF:4
FNH:4
FNDA:7,generateUri
FNDA:2,(anonymous_1)
FNDA:8,f
FNDA:7,(anonymous_3)
DA:7,7
DA:9,2
DA:13,8
DA:14,7
DA:18,2
LF:5
LH:5
BRDA:7,0,0,6
BRDA:7,0,1,1
BRDA:13,1,0,4
BRF:3
BRH:3
end_of_record
TN:
SF:/Users/chchen/Octopus/web-octopus/services/image-icon.js
FN:5,(anonymous_0)
FN:13,(anonymous_1)
FN:19,(anonymous_2)
FN:25,(anonymous_3)
FN:37,(anonymous_4)
FN:43,(anonymous_5)
FN:55,(anonymous_6)
FN:67,(anonymous_7)
FNF:8
FNH:0
FNDA:0,(anonymous_0)
FNDA:0,(anonymous_1)
FNDA:0,(anonymous_2)
FNDA:0,(anonymous_3)
FNDA:0,(anonymous_4)
FNDA:0,(anonymous_5)
FNDA:0,(anonymous_6)
FNDA:0,(anonymous_7)
DA:6,0
DA:14,0
DA:20,0
DA:26,0
DA:38,0
DA:44,0
DA:56,0
DA:68,0
LF:8
LH:0
BRDA:6,0,0,0
BRDA:6,0,1,0
BRDA:6,1,0,0
BRDA:6,1,1,0
BRF:4
BRH:0
end_of_record
TN:
SF:/Users/chchen/Octopus/web-octopus/services/image.js
FN:2,getImageBase64
FNF:1
FNH:0
FNDA:0,getImageBase64
DA:3,0
DA:4,0
DA:5,0
DA:7,0
DA:8,0
DA:9,0
DA:10,0
LF:7
LH:0
BRF:0
BRH:0
end_of_record
TN:
SF:/Users/chchen/Octopus/web-octopus/services/storage.js
FN:18,storageImage
FNF:1
FNH:0
FNDA:0,storageImage
DA:3,4
DA:5,13
DA:8,0
DA:11,0
DA:14,0
DA:19,0
DA:20,0
LF:7
LH:2
BRF:0
BRH:0
end_of_record
TN:
SF:/Users/chchen/Octopus/web-octopus/services/svg-icons.js
FNF:0
FNH:0
LF:0
LH:0
BRF:0
BRH:0
end_of_record
TN:
SF:/Users/chchen/Octopus/web-octopus/test/setup/localStorage.js
FN:1,(anonymous_0)
FN:7,(anonymous_1)
FN:10,(anonymous_2)
FN:13,(anonymous_3)
FN:16,(anonymous_4)
FNF:5
FNH:2
FNDA:10,(anonymous_0)
FNDA:13,(anonymous_1)
FNDA:0,(anonymous_2)
FNDA:0,(anonymous_3)
FNDA:0,(anonymous_4)
DA:1,10
DA:2,10
DA:6,10
DA:8,13
DA:11,0
DA:14,0
DA:17,0
DA:21,10
LF:8
LH:5
BRF:0
BRH:0
end_of_record
TN:
SF:/Users/chchen/Octopus/web-octopus/utils/api.js
FN:4,makeApiUrl
FNF:1
FNH:1
FNDA:1,makeApiUrl
DA:5,1
DA:6,0
DA:8,1
LF:3
LH:2
BRDA:5,0,0,0
BRDA:5,0,1,1
BRF:2
BRH:1
end_of_record
TN:
SF:/Users/chchen/Octopus/web-octopus/utils/auth.js
FN:4,checkLogin
FN:10,getJWT
FN:15,saveJWT
FN:21,getCachedUserId
FN:25,saveCachedData
FN:30,saveAuthData
FN:40,getAuthData
FNF:7
FNH:2
FNDA:0,checkLogin
FNDA:8,getJWT
FNDA:0,saveJWT
FNDA:0,getCachedUserId
FNDA:0,saveCachedData
FNDA:0,saveAuthData
FNDA:8,getAuthData
DA:5,0
DA:6,0
DA:11,8
DA:12,8
DA:16,0
DA:17,0
DA:18,0
DA:22,0
DA:26,0
DA:27,0
DA:31,0
DA:32,0
DA:33,0
DA:34,0
DA:36,0
DA:37,0
DA:41,8
DA:42,8
DA:43,8
LF:19
LH:5
BRDA:5,0,0,0
BRDA:5,0,1,0
BRDA:41,1,0,8
BRDA:41,1,1,0
BRDA:42,2,0,0
BRDA:42,2,1,8
BRF:6
BRH:2
end_of_record
TN:
SF:/Users/chchen/Octopus/web-octopus/utils/header.js
FN:4,createConfig
FN:15,createFormDataConfig
FN:25,createConfigWithAuth
FN:33,createFormDataConfigWithAuth
FNF:4
FNH:2
FNDA:7,createConfig
FNDA:0,createFormDataConfig
FNDA:7,createConfigWithAuth
FNDA:0,createFormDataConfigWithAuth
DA:5,7
DA:16,0
DA:26,7
DA:27,7
DA:28,7
DA:30,7
DA:34,0
DA:35,0
LF:8
LH:5
BRDA:11,0,0,3
BRDA:11,0,1,4
BRDA:25,1,0,7
BRDA:27,2,0,7
BRDA:27,2,1,0
BRDA:33,3,0,0
BRF:6
BRH:4
end_of_record
TN:
SF:/Users/chchen/Octopus/web-octopus/utils/http-error.js
FN:2,(anonymous_0)
FN:10,(anonymous_1)
FN:18,(anonymous_2)
FN:26,(anonymous_3)
FN:34,(anonymous_4)
FN:42,(anonymous_5)
FN:50,(anonymous_6)
FNF:7
FNH:0
FNDA:0,(anonymous_0)
FNDA:0,(anonymous_1)
FNDA:0,(anonymous_2)
FNDA:0,(anonymous_3)
FNDA:0,(anonymous_4)
FNDA:0,(anonymous_5)
FNDA:0,(anonymous_6)
DA:3,0
DA:4,0
DA:5,0
DA:11,0
DA:12,0
DA:13,0
DA:19,0
DA:20,0
DA:21,0
DA:27,0
DA:28,0
DA:29,0
DA:35,0
DA:36,0
DA:37,0
DA:43,0
DA:44,0
DA:45,0
DA:51,0
DA:52,0
DA:53,0
LF:21
LH:0
BRDA:2,0,0,0
BRDA:18,1,0,0
BRDA:26,2,0,0
BRDA:34,3,0,0
BRDA:42,4,0,0
BRDA:50,5,0,0
BRF:6
BRH:0
end_of_record
TN:
SF:/Users/chchen/Octopus/web-octopus/utils/http-handle.js
FN:4,handleError
FN:28,handleResponse
FN:33,handleResponseWithoutJson
FNF:3
FNH:2
FNDA:7,handleError
FNDA:7,handleResponse
FNDA:0,handleResponseWithoutJson
DA:5,7
DA:7,0
DA:8,0
DA:10,0
DA:11,0
DA:13,0
DA:14,0
DA:16,0
DA:17,0
DA:19,0
DA:20,0
DA:22,0
DA:24,7
DA:29,7
DA:30,7
DA:34,0
DA:35,0
LF:17
LH:4
BRDA:5,0,0,0
BRDA:5,0,1,0
BRDA:5,0,2,0
BRDA:5,0,3,0
BRDA:5,0,4,0
BRDA:5,0,5,0
BRDA:5,0,6,7
BRF:7
BRH:1
end_of_record
TN:
SF:/Users/chchen/Octopus/web-octopus/utils/keyboard.js
FN:4,isEnterKey
FNF:1
FNH:0
FNDA:0,isEnterKey
DA:2,1
DA:5,0
LF:2
LH:1
BRF:0
BRH:0
end_of_record
TN:
SF:/Users/chchen/Octopus/web-octopus/utils/route.js
FN:3,activeClassWhenMatchPrefix
FNF:1
FNH:1
FNDA:16,activeClassWhenMatchPrefix
DA:4,16
LF:1
LH:1
BRDA:4,0,0,4
BRDA:4,0,1,12
BRF:2
BRH:2
end_of_record
TN:
SF:/Users/chchen/Octopus/web-octopus/utils/timeout.js
FN:1,timeout
FN:2,(anonymous_1)
FNF:2
FNH:2
FNDA:1,timeout
FNDA:1,(anonymous_1)
DA:2,1
LF:1
LH:1
BRF:0
BRH:0
end_of_record
